/mnt/c/Projects/quantum$ python3 search.py
/home/username/.local/lib/python3.5/site-packages/marshmallow/schema.py:364: ChangedInMarshmallow3Warning: strict=False is not recommended. In marshmallow 3.0, schemas will always be strict. See https://marshmallow.readthedocs.io/en/latest/upgrading.html#schemas-are-always-strict
  ChangedInMarshmallow3Warning
The oracle password is 1101.
Running on ibmqx4
Request completed in 9.21m 12.86s
{'1000': 35, '0101': 52, '0010': 88, '1100': 27, '0111': 52, '1110': 99, '0110': 61, '0001': 56, '0000': 122, '0100': 60, '0011': 65, '1101': 13, '1011': 96, '1111': 59, '1010': 122, '1001': 17}
The quantum computer guesses
0000
Running on ibmqx4
Request completed in 0.49m 29.6s
{'1000': 67, '0101': 32, '0010': 69, '1100': 37, '0111': 83, '1110': 97, '0110': 129, '0001': 55, '0000': 93, '0100': 39, '0011': 46, '1101': 22, '1011': 46, '1111': 83, '1010': 76, '1001': 50}
The quantum computer guesses
0110
Running on ibmqx4
Traceback (most recent call last):
  File "/usr/lib/python3/dist-packages/urllib3/connection.py", line 137, in _new_conn
    (self.host, self.port), self.timeout, **extra_kw)
  File "/usr/lib/python3/dist-packages/urllib3/util/connection.py", line 67, in create_connection
    for res in socket.getaddrinfo(host, port, 0, socket.SOCK_STREAM):
  File "/usr/lib/python3.5/socket.py", line 732, in getaddrinfo
    for res in _socket.getaddrinfo(host, port, family, type, proto, flags):
socket.gaierror: [Errno -3] Temporary failure in name resolution

During handling of the above exception, another exception occurred:

Traceback (most recent call last):
  File "/usr/lib/python3/dist-packages/urllib3/connectionpool.py", line 560, in urlopen
    body=body, headers=headers)
  File "/usr/lib/python3/dist-packages/urllib3/connectionpool.py", line 346, in _make_request
    self._validate_conn(conn)
  File "/usr/lib/python3/dist-packages/urllib3/connectionpool.py", line 787, in _validate_conn
    conn.connect()
  File "/usr/lib/python3/dist-packages/urllib3/connection.py", line 217, in connect
    conn = self._new_conn()
  File "/usr/lib/python3/dist-packages/urllib3/connection.py", line 146, in _new_conn
    self, "Failed to establish a new connection: %s" % e)
requests.packages.urllib3.exceptions.NewConnectionError: <requests.packages.urllib3.connection.VerifiedHTTPSConnection object at 0x7f24a42c8e10>: Failed to establish a new connection: [Errno -3] Temporary failure in name resolution

During handling of the above exception, another exception occurred:

Traceback (most recent call last):
  File "/usr/lib/python3/dist-packages/requests/adapters.py", line 376, in send
    timeout=timeout
  File "/usr/lib/python3/dist-packages/urllib3/connectionpool.py", line 610, in urlopen
    _stacktrace=sys.exc_info()[2])
  File "/usr/lib/python3/dist-packages/urllib3/util/retry.py", line 273, in increment
    raise MaxRetryError(_pool, url, error or ResponseError(cause))
requests.packages.urllib3.exceptions.MaxRetryError: HTTPSConnectionPool(host='quantumexperience.ng.bluemix.net', port=443): Max retries exceeded with url: /api/Jobs/5c43a4e3d9ee7a00530059f1/status?access_token=8FekK577NC2c5ctxpY4DOCGQ3OHLfBfgEsiCwULOXlhmy6Cep4YrHeqMeOTQ0TWt (Caused by NewConnectionError('<requests.packages.urllib3.connection.VerifiedHTTPSConnection object at 0x7f24a42c8e10>: Failed to establish a new connection: [Errno -3] Temporary failure in name resolution',))

During handling of the above exception, another exception occurred:

Traceback (most recent call last):
  File "/home/username/.local/lib/python3.5/site-packages/qiskit/providers/ibmq/ibmqjob.py", line 267, in status
    api_job = self._api.get_status_job(self._job_id)
  File "/home/username/.local/lib/python3.5/site-packages/qiskit/providers/ibmq/api/ibmqconnector.py", line 674, in get_status_job
    status = self.req.get(url)
  File "/home/username/.local/lib/python3.5/site-packages/qiskit/providers/ibmq/api/ibmqconnector.py", line 357, in get
    **self.extra_args)
  File "/usr/lib/python3/dist-packages/requests/api.py", line 67, in get
    return request('get', url, params=params, **kwargs)
  File "/usr/lib/python3/dist-packages/requests/api.py", line 53, in request
    return session.request(method=method, url=url, **kwargs)
  File "/usr/lib/python3/dist-packages/requests/sessions.py", line 468, in request
    resp = self.send(prep, **send_kwargs)
  File "/usr/lib/python3/dist-packages/requests/sessions.py", line 576, in send
    r = adapter.send(request, **kwargs)
  File "/usr/lib/python3/dist-packages/requests/adapters.py", line 437, in send
    raise ConnectionError(e, request=request)
requests.exceptions.ConnectionError: HTTPSConnectionPool(host='quantumexperience.ng.bluemix.net', port=443): Max retries exceeded with url: /api/Jobs/5c43a4e3d9ee7a00530059f1/status?access_token=8FekK577NC2c5ctxpY4DOCGQ3OHLfBfgEsiCwULOXlhmy6Cep4YrHeqMeOTQ0TWt (Caused by NewConnectionError('<requests.packages.urllib3.connection.VerifiedHTTPSConnection object at 0x7f24a42c8e10>: Failed to establish a new connection: [Errno -3] Temporary failure in name resolution',))

During handling of the above exception, another exception occurred:

Traceback (most recent call last):
  File "search.py", line 147, in <module>
    results = run(program, type)
  File "search.py", line 48, in run
    result = job.result().get_counts()
  File "/home/username/.local/lib/python3.5/site-packages/qiskit/providers/ibmq/ibmqjob.py", line 203, in result
    job_response = self._wait_for_result(timeout=timeout, wait=wait)
  File "/home/username/.local/lib/python3.5/site-packages/qiskit/providers/ibmq/ibmqjob.py", line 210, in _wait_for_result
    job_response = self._wait_for_job(timeout=timeout, wait=wait)
  File "/home/username/.local/lib/python3.5/site-packages/qiskit/providers/ibmq/ibmqjob.py", line 389, in _wait_for_job
    while self.status() not in JOB_FINAL_STATES:
  File "/home/username/.local/lib/python3.5/site-packages/qiskit/providers/ibmq/ibmqjob.py", line 273, in status
    raise JobError(str(err))
qiskit.providers.exceptions.JobError: "HTTPSConnectionPool(host='quantumexperience.ng.bluemix.net', port=443): Max retries exceeded with url: /api/Jobs/5c43a4e3d9ee7a00530059f1/status?access_token=8FekK577NC2c5ctxpY4DOCGQ3OHLfBfgEsiCwULOXlhmy6Cep4YrHeqMeOTQ0TWt (Caused by NewConnectionError('<requests.packages.urllib3.connection.VerifiedHTTPSConnection object at 0x7f24a42c8e10>: Failed to establish a new connection: [Errno -3] Temporary failure in name resolution',))"
/mnt/c/Projects/quantum$ python3 search.py
/home/username/.local/lib/python3.5/site-packages/marshmallow/schema.py:364: ChangedInMarshmallow3Warning: strict=False is not recommended. In marshmallow 3.0, schemas will always be strict. See https://marshmallow.readthedocs.io/en/latest/upgrading.html#schemas-are-always-strict
  ChangedInMarshmallow3Warning
The oracle password is 0001.
Running on ibmqx4
Request completed in 1.37m 22.25s
{'1011': 52, '1000': 75, '1110': 91, '0000': 83, '0001': 50, '0110': 117, '0011': 69, '1111': 71, '0100': 32, '0101': 27, '1100': 24, '1010': 59, '1101': 17, '0111': 100, '0010': 83, '1001': 74}
The quantum computer guesses
0110
Running on ibmqx4
Request completed in 9.28m 16.75s
{'1011': 44, '1000': 77, '1110': 110, '0000': 83, '0001': 61, '0110': 108, '0011': 57, '1111': 93, '0100': 33, '0101': 28, '1100': 23, '1010': 65, '1101': 27, '0111': 77, '0010': 80, '1001': 58}
The quantum computer guesses
1110
Running on ibmqx4
Request completed in 9.9m 53.88s
{'1011': 36, '1000': 103, '1110': 76, '0000': 114, '0001': 72, '0110': 16, '0011': 53, '1111': 59, '0100': 31, '0101': 27, '1100': 122, '1010': 55, '1101': 97, '0111': 21, '0010': 75, '1001': 67}
The quantum computer guesses
1100
Running on ibmqx4
Request completed in 5.17m 10.12s
{'1011': 49, '1000': 91, '1110': 91, '0000': 89, '0001': 76, '0110': 27, '0011': 40, '1111': 74, '0100': 39, '0101': 28, '1100': 111, '1010': 57, '1101': 82, '0111': 21, '0010': 76, '1001': 73}
The quantum computer guesses
1100
Running on ibmqx4
Request completed in 0.44m 26.48s
{'1011': 54, '1000': 79, '1110': 85, '0000': 99, '0001': 97, '0110': 23, '0011': 52, '1111': 54, '0100': 29, '0101': 23, '1100': 110, '1010': 63, '1101': 89, '0111': 17, '0010': 83, '1001': 67}
The quantum computer guesses
1100
Running on ibmqx4
Request completed in 0.44m 26.32s
{'1011': 49, '1000': 71, '1110': 27, '0000': 80, '0001': 91, '0110': 30, '0011': 72, '1111': 64, '0100': 42, '0101': 123, '1100': 20, '1010': 47, '1101': 82, '0111': 103, '0010': 67, '1001': 56}
The quantum computer guesses
0101
Running on ibmqx4
Request completed in 0.44m 26.3s
{'1011': 60, '1000': 58, '1110': 24, '0000': 76, '0001': 75, '0110': 22, '0011': 70, '1111': 67, '0100': 30, '0101': 112, '1100': 26, '1010': 57, '1101': 91, '0111': 105, '0010': 77, '1001': 74}
The quantum computer guesses
0101
Running on ibmqx4
Request completed in 0.45m 27.29s
{'1011': 61, '1000': 63, '1110': 99, '0000': 91, '0001': 56, '0110': 120, '0011': 49, '1111': 63, '0100': 42, '0101': 22, '1100': 40, '1010': 72, '1101': 25, '0111': 71, '0010': 88, '1001': 62}
The quantum computer guesses
0110
Running on ibmqx4
Request completed in 0.55m 32.99s
{'1011': 43, '1000': 62, '1110': 29, '0000': 83, '0001': 75, '0110': 31, '0011': 66, '1111': 70, '0100': 52, '0101': 111, '1100': 30, '1010': 61, '1101': 82, '0111': 79, '0010': 85, '1001': 65}
The quantum computer guesses
0101
Running on ibmqx4
Request completed in 0.45m 27.21s
{'1011': 65, '1000': 32, '1110': 86, '0000': 96, '0001': 66, '0110': 75, '0011': 65, '1111': 62, '0100': 66, '0101': 52, '1100': 16, '1010': 134, '1101': 22, '0111': 58, '0010': 104, '1001': 25}
The quantum computer guesses
1010
Running on ibmqx4
Request completed in 0.43m 25.98s
{'1011': 29, '1000': 81, '1110': 78, '0000': 107, '0001': 77, '0110': 32, '0011': 61, '1111': 50, '0100': 40, '0101': 30, '1100': 117, '1010': 61, '1101': 90, '0111': 22, '0010': 78, '1001': 71}
The quantum computer guesses
1100
Running on ibmqx4
Request completed in 0.46m 27.4s
{'1011': 52, '1000': 69, '1110': 103, '0000': 71, '0001': 68, '0110': 132, '0011': 60, '1111': 60, '0100': 43, '0101': 23, '1100': 31, '1010': 75, '1101': 19, '0111': 81, '0010': 76, '1001': 61}
The quantum computer guesses
0110
Running on ibmqx4
Request completed in 0.45m 27.26s
{'1011': 36, '1000': 84, '1110': 76, '0000': 100, '0001': 101, '0110': 23, '0011': 52, '1111': 63, '0100': 31, '0101': 26, '1100': 137, '1010': 33, '1101': 111, '0111': 23, '0010': 66, '1001': 62}
The quantum computer guesses
1100
Running on ibmqx4
Request completed in 0.44m 26.49s
{'1011': 34, '1000': 70, '1110': 83, '0000': 110, '0001': 65, '0110': 26, '0011': 63, '1111': 60, '0100': 40, '0101': 24, '1100': 114, '1010': 63, '1101': 98, '0111': 22, '0010': 89, '1001': 63}
The quantum computer guesses
1100
Running on ibmqx4
Request completed in 0.47m 28.3s
{'1011': 42, '1000': 77, '1110': 73, '0000': 95, '0001': 62, '0110': 43, '0011': 59, '1111': 67, '0100': 50, '0101': 24, '1100': 130, '1010': 59, '1101': 102, '0111': 24, '0010': 66, '1001': 51}
The quantum computer guesses
1100
Running on ibmqx4
Request completed in 0.43m 25.89s
{'1011': 96, '1000': 86, '1110': 49, '0000': 83, '0001': 19, '0110': 62, '0011': 101, '1111': 101, '0100': 54, '0101': 23, '1100': 60, '1010': 53, '1101': 21, '0111': 113, '0010': 76, '1001': 27}
The quantum computer guesses
0111
Running on ibmqx4
Request completed in 0.44m 26.63s
{'1011': 50, '1000': 71, '1110': 19, '0000': 97, '0001': 63, '0110': 13, '0011': 76, '1111': 66, '0100': 32, '0101': 137, '1100': 31, '1010': 44, '1101': 103, '0111': 83, '0010': 79, '1001': 60}
The quantum computer guesses
0101
Running on ibmqx4
Request completed in 0.47m 28.12s
{'1011': 27, '1000': 81, '1110': 82, '0000': 114, '0001': 83, '0110': 34, '0011': 49, '1111': 63, '0100': 42, '0101': 39, '1100': 111, '1010': 52, '1101': 88, '0111': 24, '0010': 74, '1001': 61}
The quantum computer guesses
0000
Running on ibmqx4
Request completed in 0.46m 27.31s
{'1011': 43, '1000': 68, '1110': 110, '0000': 105, '0001': 70, '0110': 32, '0011': 61, '1111': 76, '0100': 38, '0101': 30, '1100': 120, '1010': 47, '1101': 79, '0111': 16, '0010': 68, '1001': 61}
The quantum computer guesses
1100
Running on ibmqx4
Request completed in 0.44m 26.68s
{'1011': 42, '1000': 76, '1110': 80, '0000': 126, '0001': 60, '0110': 25, '0011': 49, '1111': 72, '0100': 52, '0101': 25, '1100': 123, '1010': 65, '1101': 89, '0111': 15, '0010': 76, '1001': 49}
The quantum computer guesses
0000
Running on ibmqx4
Request completed in 0.46m 27.57s
{'1011': 46, '1000': 69, '1110': 83, '0000': 87, '0001': 60, '0110': 131, '0011': 48, '1111': 98, '0100': 32, '0101': 30, '1100': 27, '1010': 63, '1101': 17, '0111': 94, '0010': 74, '1001': 65}
The quantum computer guesses
0110
Running on ibmqx4
Request completed in 0.45m 26.71s
{'1011': 38, '1000': 98, '1110': 72, '0000': 97, '0001': 73, '0110': 28, '0011': 50, '1111': 66, '0100': 32, '0101': 24, '1100': 119, '1010': 60, '1101': 96, '0111': 25, '0010': 88, '1001': 58}
The quantum computer guesses
1100
Running on ibmqx4
Request completed in 0.45m 27.0s
{'1011': 47, '1000': 67, '1110': 89, '0000': 104, '0001': 61, '0110': 100, '0011': 58, '1111': 69, '0100': 41, '0101': 31, '1100': 37, '1010': 65, '1101': 25, '0111': 93, '0010': 72, '1001': 65}
The quantum computer guesses
0000
Running on ibmqx4
Request completed in 0.46m 27.76s
{'1011': 35, '1000': 92, '1110': 79, '0000': 98, '0001': 80, '0110': 25, '0011': 53, '1111': 75, '0100': 37, '0101': 26, '1100': 124, '1010': 62, '1101': 90, '0111': 22, '0010': 73, '1001': 53}
The quantum computer guesses
1100
Running on ibmqx4
Request completed in 0.44m 26.52s
{'1011': 53, '1000': 57, '1110': 18, '0000': 85, '0001': 64, '0110': 35, '0011': 77, '1111': 66, '0100': 43, '0101': 128, '1100': 28, '1010': 52, '1101': 98, '0111': 89, '0010': 62, '1001': 69}
The quantum computer guesses
0101
Running on ibmqx4
Request completed in 0.45m 26.74s
{'1011': 50, '1000': 88, '1110': 16, '0000': 81, '0001': 78, '0110': 23, '0011': 56, '1111': 77, '0100': 40, '0101': 117, '1100': 27, '1010': 51, '1101': 101, '0111': 86, '0010': 57, '1001': 76}
The quantum computer guesses
0101
Running on ibmqx4
Request completed in 0.45m 26.95s
{'1011': 40, '1000': 72, '1110': 91, '0000': 94, '0001': 50, '0110': 129, '0011': 42, '1111': 68, '0100': 45, '0101': 39, '1100': 27, '1010': 85, '1101': 25, '0111': 86, '0010': 86, '1001': 45}
The quantum computer guesses
0110
Running on ibmqx4
Request completed in 0.45m 27.17s
{'1011': 90, '1000': 23, '1110': 75, '0000': 96, '0001': 73, '0110': 59, '0011': 83, '1111': 63, '0100': 75, '0101': 54, '1100': 20, '1010': 112, '1101': 14, '0111': 58, '0010': 103, '1001': 26}
The quantum computer guesses
1010
Running on ibmqx4
Request completed in 0.43m 26.03s
{'1011': 53, '1000': 90, '1110': 21, '0000': 81, '0001': 80, '0110': 22, '0011': 60, '1111': 72, '0100': 34, '0101': 112, '1100': 15, '1010': 59, '1101': 105, '0111': 84, '0010': 67, '1001': 69}
The quantum computer guesses
0101
Running on ibmqx4
Request completed in 0.43m 26.01s
{'1011': 47, '1000': 60, '1110': 70, '0000': 93, '0001': 69, '0110': 131, '0011': 41, '1111': 71, '0100': 48, '0101': 28, '1100': 29, '1010': 80, '1101': 33, '0111': 97, '0010': 77, '1001': 50}
The quantum computer guesses
0110
Running on ibmqx4
Request completed in 0.44m 26.59s
{'1011': 33, '1000': 65, '1110': 96, '0000': 116, '0001': 103, '0110': 26, '0011': 50, '1111': 79, '0100': 35, '0101': 26, '1100': 116, '1010': 47, '1101': 96, '0111': 18, '0010': 71, '1001': 47}
The quantum computer guesses
0000
Running on ibmqx4
Request completed in 0.48m 28.67s
{'1011': 48, '1000': 52, '1110': 88, '0000': 78, '0001': 81, '0110': 105, '0011': 58, '1111': 88, '0100': 34, '0101': 29, '1100': 34, '1010': 65, '1101': 17, '0111': 100, '0010': 81, '1001': 66}
The quantum computer guesses
0110
Running on ibmqx4
Request completed in 0.47m 28.49s
{'1011': 37, '1000': 88, '1110': 81, '0000': 120, '0001': 72, '0110': 16, '0011': 61, '1111': 44, '0100': 46, '0101': 33, '1100': 123, '1010': 63, '1101': 84, '0111': 23, '0010': 82, '1001': 51}
The quantum computer guesses
1100
Running on ibmqx4
Request completed in 0.45m 26.94s
{'1011': 40, '1000': 92, '1110': 75, '0000': 130, '0001': 80, '0110': 28, '0011': 43, '1111': 66, '0100': 39, '0101': 29, '1100': 109, '1010': 55, '1101': 88, '0111': 21, '0010': 66, '1001': 63}
The quantum computer guesses
0000
Running on ibmqx4
Request completed in 0.45m 27.18s
{'1011': 56, '1000': 71, '1110': 11, '0000': 85, '0001': 77, '0110': 29, '0011': 52, '1111': 71, '0100': 29, '0101': 126, '1100': 26, '1010': 46, '1101': 106, '0111': 106, '0010': 70, '1001': 63}
The quantum computer guesses
0101
Running on ibmqx4
Request completed in 0.43m 25.88s
{'1011': 42, '1000': 81, '1110': 75, '0000': 98, '0001': 69, '0110': 22, '0011': 69, '1111': 73, '0100': 44, '0101': 20, '1100': 116, '1010': 54, '1101': 90, '0111': 27, '0010': 63, '1001': 81}
The quantum computer guesses
1100
Running on ibmqx4
Request completed in 0.45m 26.84s
{'1011': 45, '1000': 68, '1110': 74, '0000': 82, '0001': 90, '0110': 18, '0011': 61, '1111': 70, '0100': 31, '0101': 27, '1100': 102, '1010': 79, '1101': 94, '0111': 22, '0010': 87, '1001': 74}
The quantum computer guesses
1100
Running on ibmqx4
Request completed in 0.44m 26.49s
{'1011': 79, '1000': 82, '1110': 54, '0000': 101, '0001': 35, '0110': 55, '0011': 108, '1111': 86, '0100': 64, '0101': 27, '1100': 55, '1010': 56, '1101': 21, '0111': 92, '0010': 88, '1001': 21}
The quantum computer guesses
0011
Running on ibmqx4
Request completed in 0.49m 29.29s
{'1011': 31, '1000': 67, '1110': 97, '0000': 96, '0001': 74, '0110': 26, '0011': 61, '1111': 60, '0100': 46, '0101': 36, '1100': 129, '1010': 62, '1101': 86, '0111': 25, '0010': 76, '1001': 52}
The quantum computer guesses
1100
Running on ibmqx4
Request completed in 0.51m 30.42s
{'1011': 47, '1000': 64, '1110': 92, '0000': 82, '0001': 68, '0110': 135, '0011': 57, '1111': 81, '0100': 26, '0101': 32, '1100': 23, '1010': 55, '1101': 13, '0111': 111, '0010': 94, '1001': 44}
The quantum computer guesses
0110
Running on ibmqx4
Request completed in 0.46m 27.53s
{'1011': 39, '1000': 72, '1110': 87, '0000': 98, '0001': 84, '0110': 20, '0011': 53, '1111': 60, '0100': 41, '0101': 27, '1100': 120, '1010': 59, '1101': 95, '0111': 26, '0010': 82, '1001': 61}
The quantum computer guesses
1100
Running on ibmqx4
Request completed in 0.49m 29.3s
{'1011': 44, '1000': 72, '1110': 96, '0000': 102, '0001': 76, '0110': 32, '0011': 58, '1111': 81, '0100': 41, '0101': 31, '1100': 113, '1010': 55, '1101': 71, '0111': 21, '0010': 78, '1001': 53}
The quantum computer guesses
1100
Running on ibmqx4
Request completed in 0.48m 28.78s
{'1011': 44, '1000': 59, '1110': 83, '0000': 92, '0001': 87, '0110': 97, '0011': 53, '1111': 87, '0100': 31, '0101': 34, '1100': 29, '1010': 65, '1101': 30, '0111': 106, '0010': 70, '1001': 57}
The quantum computer guesses
0111
Running on ibmqx4
Request completed in 0.48m 28.7s
{'1011': 35, '1000': 81, '1110': 77, '0000': 111, '0001': 71, '0110': 22, '0011': 59, '1111': 78, '0100': 37, '0101': 30, '1100': 112, '1010': 64, '1101': 97, '0111': 17, '0010': 79, '1001': 54}
The quantum computer guesses
1100
Running on ibmqx4
Request completed in 0.49m 29.41s
{'1011': 42, '1000': 107, '1110': 80, '0000': 102, '0001': 78, '0110': 21, '0011': 62, '1111': 55, '0100': 32, '0101': 28, '1100': 108, '1010': 54, '1101': 102, '0111': 22, '0010': 82, '1001': 49}
The quantum computer guesses
1100
Running on ibmqx4
Request completed in 0.47m 28.06s
{'1011': 32, '1000': 78, '1110': 92, '0000': 88, '0001': 91, '0110': 25, '0011': 59, '1111': 60, '0100': 47, '0101': 29, '1100': 131, '1010': 59, '1101': 99, '0111': 19, '0010': 75, '1001': 40}
The quantum computer guesses
1100
Running on ibmqx4
Request completed in 0.49m 29.38s
{'1011': 51, '1000': 69, '1110': 15, '0000': 68, '0001': 83, '0110': 26, '0011': 74, '1111': 73, '0100': 33, '0101': 119, '1100': 41, '1010': 56, '1101': 91, '0111': 87, '0010': 71, '1001': 67}
The quantum computer guesses
0101
Running on ibmqx4
Request completed in 0.47m 28.28s
{'1011': 52, '1000': 68, '1110': 93, '0000': 74, '0001': 67, '0110': 120, '0011': 59, '1111': 88, '0100': 40, '0101': 30, '1100': 18, '1010': 57, '1101': 28, '0111': 104, '0010': 78, '1001': 48}
The quantum computer guesses
0110
Running on ibmqx4
Request completed in 0.52m 30.94s
{'1011': 103, '1000': 82, '1110': 46, '0000': 76, '0001': 39, '0110': 51, '0011': 103, '1111': 67, '0100': 55, '0101': 24, '1100': 67, '1010': 68, '1101': 19, '0111': 111, '0010': 79, '1001': 34}
The quantum computer guesses
0111
Running on ibmqx4
Request completed in 0.52m 31.04s
{'1011': 54, '1000': 84, '1110': 92, '0000': 88, '0001': 68, '0110': 24, '0011': 65, '1111': 70, '0100': 37, '0101': 21, '1100': 94, '1010': 81, '1101': 97, '0111': 14, '0010': 79, '1001': 56}
The quantum computer guesses
1101
Running on ibmqx4
Request completed in 0.47m 28.16s
{'1011': 41, '1000': 61, '1110': 20, '0000': 69, '0001': 70, '0110': 25, '0011': 67, '1111': 72, '0100': 36, '0101': 133, '1100': 32, '1010': 60, '1101': 111, '0111': 99, '0010': 68, '1001': 60}
The quantum computer guesses
0101
Running on ibmqx4
Request completed in 0.47m 27.96s
{'1011': 54, '1000': 68, '1110': 97, '0000': 77, '0001': 63, '0110': 115, '0011': 55, '1111': 70, '0100': 45, '0101': 34, '1100': 32, '1010': 76, '1101': 25, '0111': 87, '0010': 85, '1001': 41}
The quantum computer guesses
0110
Running on ibmqx4
Request completed in 0.49m 29.18s
{'1011': 92, '1000': 68, '1110': 55, '0000': 71, '0001': 31, '0110': 50, '0011': 123, '1111': 66, '0100': 78, '0101': 39, '1100': 60, '1010': 69, '1101': 33, '0111': 75, '0010': 80, '1001': 34}
The quantum computer guesses
0011
Running on ibmqx4
Request completed in 0.49m 29.51s
{'1011': 53, '1000': 67, '1110': 21, '0000': 76, '0001': 81, '0110': 21, '0011': 64, '1111': 81, '0100': 25, '0101': 117, '1100': 30, '1010': 46, '1101': 113, '0111': 81, '0010': 78, '1001': 70}
The quantum computer guesses
0101
Running on ibmqx4
Traceback (most recent call last):
  File "/usr/lib/python3/dist-packages/urllib3/connection.py", line 137, in _new_conn
    (self.host, self.port), self.timeout, **extra_kw)
  File "/usr/lib/python3/dist-packages/urllib3/util/connection.py", line 67, in create_connection
    for res in socket.getaddrinfo(host, port, 0, socket.SOCK_STREAM):
  File "/usr/lib/python3.5/socket.py", line 732, in getaddrinfo
    for res in _socket.getaddrinfo(host, port, family, type, proto, flags):
socket.gaierror: [Errno -3] Temporary failure in name resolution

During handling of the above exception, another exception occurred:

Traceback (most recent call last):
  File "/usr/lib/python3/dist-packages/urllib3/connectionpool.py", line 560, in urlopen
    body=body, headers=headers)
  File "/usr/lib/python3/dist-packages/urllib3/connectionpool.py", line 346, in _make_request
    self._validate_conn(conn)
  File "/usr/lib/python3/dist-packages/urllib3/connectionpool.py", line 787, in _validate_conn
    conn.connect()
  File "/usr/lib/python3/dist-packages/urllib3/connection.py", line 217, in connect
    conn = self._new_conn()
  File "/usr/lib/python3/dist-packages/urllib3/connection.py", line 146, in _new_conn
    self, "Failed to establish a new connection: %s" % e)
requests.packages.urllib3.exceptions.NewConnectionError: <requests.packages.urllib3.connection.VerifiedHTTPSConnection object at 0x7f91caf16b38>: Failed to establish a new connection: [Errno -3] Temporary failure in name resolution

During handling of the above exception, another exception occurred:

Traceback (most recent call last):
  File "/usr/lib/python3/dist-packages/requests/adapters.py", line 376, in send
    timeout=timeout
  File "/usr/lib/python3/dist-packages/urllib3/connectionpool.py", line 610, in urlopen
    _stacktrace=sys.exc_info()[2])
  File "/usr/lib/python3/dist-packages/urllib3/util/retry.py", line 273, in increment
    raise MaxRetryError(_pool, url, error or ResponseError(cause))
requests.packages.urllib3.exceptions.MaxRetryError: HTTPSConnectionPool(host='quantumexperience.ng.bluemix.net', port=443): Max retries exceeded with url: /api/Jobs/5c43b37e2f46a7005891c1b5/status?access_token=1r6GtbhRDBBIXzWDxz8bP6XpF0NyoPCWFUV54QTxHLRamzKoJXc2gGBQcLg5i5sR (Caused by NewConnectionError('<requests.packages.urllib3.connection.VerifiedHTTPSConnection object at 0x7f91caf16b38>: Failed to establish a new connection: [Errno -3] Temporary failure in name resolution',))

During handling of the above exception, another exception occurred:

Traceback (most recent call last):
  File "/home/username/.local/lib/python3.5/site-packages/qiskit/providers/ibmq/ibmqjob.py", line 267, in status
    api_job = self._api.get_status_job(self._job_id)
  File "/home/username/.local/lib/python3.5/site-packages/qiskit/providers/ibmq/api/ibmqconnector.py", line 674, in get_status_job
    status = self.req.get(url)
  File "/home/username/.local/lib/python3.5/site-packages/qiskit/providers/ibmq/api/ibmqconnector.py", line 357, in get
    **self.extra_args)
  File "/usr/lib/python3/dist-packages/requests/api.py", line 67, in get
    return request('get', url, params=params, **kwargs)
  File "/usr/lib/python3/dist-packages/requests/api.py", line 53, in request
    return session.request(method=method, url=url, **kwargs)
  File "/usr/lib/python3/dist-packages/requests/sessions.py", line 468, in request
    resp = self.send(prep, **send_kwargs)
  File "/usr/lib/python3/dist-packages/requests/sessions.py", line 576, in send
    r = adapter.send(request, **kwargs)
  File "/usr/lib/python3/dist-packages/requests/adapters.py", line 437, in send
    raise ConnectionError(e, request=request)
requests.exceptions.ConnectionError: HTTPSConnectionPool(host='quantumexperience.ng.bluemix.net', port=443): Max retries exceeded with url: /api/Jobs/5c43b37e2f46a7005891c1b5/status?access_token=1r6GtbhRDBBIXzWDxz8bP6XpF0NyoPCWFUV54QTxHLRamzKoJXc2gGBQcLg5i5sR (Caused by NewConnectionError('<requests.packages.urllib3.connection.VerifiedHTTPSConnection object at 0x7f91caf16b38>: Failed to establish a new connection: [Errno -3] Temporary failure in name resolution',))

During handling of the above exception, another exception occurred:

Traceback (most recent call last):
  File "search.py", line 147, in <module>
    results = run(program, type)
  File "search.py", line 48, in run
    result = job.result().get_counts()
  File "/home/username/.local/lib/python3.5/site-packages/qiskit/providers/ibmq/ibmqjob.py", line 203, in result
    job_response = self._wait_for_result(timeout=timeout, wait=wait)
  File "/home/username/.local/lib/python3.5/site-packages/qiskit/providers/ibmq/ibmqjob.py", line 210, in _wait_for_result
    job_response = self._wait_for_job(timeout=timeout, wait=wait)
  File "/home/username/.local/lib/python3.5/site-packages/qiskit/providers/ibmq/ibmqjob.py", line 389, in _wait_for_job
    while self.status() not in JOB_FINAL_STATES:
  File "/home/username/.local/lib/python3.5/site-packages/qiskit/providers/ibmq/ibmqjob.py", line 273, in status
    raise JobError(str(err))
qiskit.providers.exceptions.JobError: "HTTPSConnectionPool(host='quantumexperience.ng.bluemix.net', port=443): Max retries exceeded with url: /api/Jobs/5c43b37e2f46a7005891c1b5/status?access_token=1r6GtbhRDBBIXzWDxz8bP6XpF0NyoPCWFUV54QTxHLRamzKoJXc2gGBQcLg5i5sR (Caused by NewConnectionError('<requests.packages.urllib3.connection.VerifiedHTTPSConnection object at 0x7f91caf16b38>: Failed to establish a new connection: [Errno -3] Temporary failure in name resolution',))"
/mnt/c/Projects/quantum$ python3 search.py
/home/username/.local/lib/python3.5/site-packages/marshmallow/schema.py:364: ChangedInMarshmallow3Warning: strict=False is not recommended. In marshmallow 3.0, schemas will always be strict. See https://marshmallow.readthedocs.io/en/latest/upgrading.html#schemas-are-always-strict
  ChangedInMarshmallow3Warning
The oracle password is 1011.
Running on ibmqx4
Request completed in 0.47m 28.11s
{'0101': 115, '1001': 55, '0000': 68, '1011': 50, '1101': 120, '1111': 79, '1100': 31, '0001': 83, '1010': 49, '0010': 63, '0111': 96, '1000': 62, '0011': 72, '0110': 21, '1110': 21, '0100': 39}
The quantum computer guesses
1101
Running on ibmqx4
Request completed in 0.46m 27.56s
{'0101': 31, '1001': 54, '0000': 83, '1011': 53, '1101': 24, '1111': 73, '1100': 26, '0001': 72, '1010': 55, '0010': 77, '0111': 120, '1000': 59, '0011': 68, '0110': 119, '1110': 72, '0100': 38}
The quantum computer guesses
0111
Running on ibmqx4
Request completed in 0.48m 28.57s
{'0101': 121, '1001': 59, '0000': 81, '1011': 63, '1101': 93, '1111': 70, '1100': 37, '0001': 81, '1010': 44, '0010': 65, '0111': 81, '1000': 74, '0011': 50, '0110': 31, '1110': 28, '0100': 46}
The quantum computer guesses
0101
Running on ibmqx4
Request completed in 0.46m 27.55s
{'0101': 27, '1001': 53, '0000': 114, '1011': 31, '1101': 79, '1111': 71, '1100': 114, '0001': 71, '1010': 64, '0010': 83, '0111': 29, '1000': 85, '0011': 59, '0110': 31, '1110': 74, '0100': 39}
The quantum computer guesses
0000
Running on ibmqx4
Request completed in 0.45m 27.04s
{'0101': 117, '1001': 66, '0000': 80, '1011': 61, '1101': 102, '1111': 65, '1100': 31, '0001': 94, '1010': 48, '0010': 69, '0111': 96, '1000': 65, '0011': 54, '0110': 17, '1110': 22, '0100': 37}
The quantum computer guesses
0101
Running on ibmqx4
Request completed in 0.47m 28.47s
{'0101': 25, '1001': 51, '0000': 91, '1011': 49, '1101': 22, '1111': 80, '1100': 23, '0001': 61, '1010': 77, '0010': 84, '0111': 89, '1000': 52, '0011': 51, '0110': 134, '1110': 94, '0100': 41}
The quantum computer guesses
0110
Running on ibmqx4
Request completed in 0.47m 28.47s
{'0101': 29, '1001': 43, '0000': 64, '1011': 50, '1101': 26, '1111': 89, '1100': 29, '0001': 45, '1010': 60, '0010': 74, '0111': 118, '1000': 73, '0011': 45, '0110': 133, '1110': 96, '0100': 50}
The quantum computer guesses
0110
Running on ibmqx4
Request completed in 0.49m 29.69s
{'0101': 121, '1001': 86, '0000': 85, '1011': 47, '1101': 101, '1111': 71, '1100': 36, '0001': 64, '1010': 52, '0010': 74, '0111': 81, '1000': 73, '0011': 60, '0110': 26, '1110': 17, '0100': 30}
The quantum computer guesses
0101
Running on ibmqx4
Request completed in 0.45m 27.05s
{'0101': 55, '1001': 25, '0000': 96, '1011': 76, '1101': 19, '1111': 68, '1100': 18, '0001': 78, '1010': 91, '0010': 88, '0111': 54, '1000': 43, '0011': 81, '0110': 64, '1110': 89, '0100': 79}
The quantum computer guesses
0000
Running on ibmqx4
Request completed in 0.47m 27.96s
{'0101': 29, '1001': 65, '0000': 119, '1011': 35, '1101': 74, '1111': 53, '1100': 127, '0001': 81, '1010': 65, '0010': 81, '0111': 5, '1000': 84, '0011': 55, '0110': 27, '1110': 79, '0100': 45}
The quantum computer guesses
1100
Running on ibmqx4
Request completed in 0.45m 26.94s
{'0101': 27, '1001': 45, '0000': 80, '1011': 62, '1101': 20, '1111': 70, '1100': 26, '0001': 70, '1010': 73, '0010': 85, '0111': 80, '1000': 67, '0011': 66, '0110': 122, '1110': 94, '0100': 37}
The quantum computer guesses
0110
Running on ibmqx4
Request completed in 0.45m 26.83s
{'0101': 133, '1001': 68, '0000': 80, '1011': 50, '1101': 110, '1111': 65, '1100': 34, '0001': 77, '1010': 53, '0010': 55, '0111': 82, '1000': 64, '0011': 57, '0110': 23, '1110': 36, '0100': 37}
The quantum computer guesses
0101
Running on ibmqx4
Request completed in 0.45m 27.16s
{'0101': 35, '1001': 58, '0000': 107, '1011': 33, '1101': 91, '1111': 55, '1100': 124, '0001': 101, '1010': 46, '0010': 73, '0111': 18, '1000': 72, '0011': 53, '0110': 19, '1110': 95, '0100': 44}
The quantum computer guesses
1100
Running on ibmqx4
Request completed in 0.47m 28.16s
{'0101': 24, '1001': 58, '0000': 87, '1011': 52, '1101': 22, '1111': 74, '1100': 26, '0001': 67, '1010': 64, '0010': 80, '0111': 116, '1000': 78, '0011': 66, '0110': 108, '1110': 73, '0100': 29}
The quantum computer guesses
0111
Running on ibmqx4
Request completed in 0.46m 27.55s
{'0101': 29, '1001': 60, '0000': 85, '1011': 62, '1101': 20, '1111': 58, '1100': 35, '0001': 53, '1010': 43, '0010': 93, '0111': 89, '1000': 75, '0011': 56, '0110': 127, '1110': 99, '0100': 40}
The quantum computer guesses
0110
Running on ibmqx4
Request completed in 0.45m 26.93s
{'0101': 17, '1001': 49, '0000': 81, '1011': 56, '1101': 19, '1111': 77, '1100': 28, '0001': 56, '1010': 60, '0010': 96, '0111': 94, '1000': 79, '0011': 60, '0110': 126, '1110': 92, '0100': 34}
The quantum computer guesses
0110
Running on ibmqx4
Request completed in 0.46m 27.56s
{'0101': 67, '1001': 31, '0000': 104, '1011': 90, '1101': 27, '1111': 72, '1100': 38, '0001': 68, '1010': 86, '0010': 90, '0111': 54, '1000': 34, '0011': 63, '0110': 52, '1110': 70, '0100': 78}
The quantum computer guesses
0000
Running on ibmqx4
Request completed in 0.45m 26.72s
{'0101': 111, '1001': 60, '0000': 96, '1011': 52, '1101': 107, '1111': 75, '1100': 38, '0001': 62, '1010': 49, '0010': 66, '0111': 88, '1000': 65, '0011': 60, '0110': 19, '1110': 31, '0100': 45}
The quantum computer guesses
0101
Running on ibmqx4
Request completed in 0.46m 27.34s
{'0101': 35, '1001': 48, '0000': 104, '1011': 43, '1101': 85, '1111': 65, '1100': 108, '0001': 76, '1010': 85, '0010': 80, '0111': 21, '1000': 70, '0011': 60, '0110': 30, '1110': 81, '0100': 33}
The quantum computer guesses
1100
Running on ibmqx4
Request completed in 0.45m 27.23s
{'0101': 26, '1001': 71, '0000': 93, '1011': 39, '1101': 120, '1111': 62, '1100': 107, '0001': 93, '1010': 59, '0010': 67, '0111': 20, '1000': 80, '0011': 60, '0110': 21, '1110': 75, '0100': 31}
The quantum computer guesses
1101
Running on ibmqx4
Request completed in 0.47m 28.26s
{'0101': 122, '1001': 73, '0000': 76, '1011': 52, '1101': 100, '1111': 59, '1100': 45, '0001': 60, '1010': 61, '0010': 57, '0111': 105, '1000': 66, '0011': 58, '0110': 28, '1110': 22, '0100': 40}
The quantum computer guesses
0101
Running on ibmqx4
Request completed in 0.47m 28.06s
{'0101': 73, '1001': 136, '0000': 105, '1011': 74, '1101': 80, '1111': 59, '1100': 29, '0001': 106, '1010': 28, '0010': 61, '0111': 57, '1000': 35, '0011': 55, '0110': 43, '1110': 16, '0100': 67}
The quantum computer guesses
1001
Running on ibmqx4
Request completed in 0.45m 27.16s
{'0101': 32, '1001': 51, '0000': 85, '1011': 52, '1101': 94, '1111': 53, '1100': 136, '0001': 77, '1010': 66, '0010': 86, '0111': 24, '1000': 82, '0011': 56, '0110': 29, '1110': 70, '0100': 31}
The quantum computer guesses
1100
Running on ibmqx4
Request completed in 0.45m 26.94s
{'0101': 29, '1001': 57, '0000': 96, '1011': 48, '1101': 67, '1111': 61, '1100': 131, '0001': 83, '1010': 62, '0010': 73, '0111': 23, '1000': 105, '0011': 42, '0110': 21, '1110': 86, '0100': 40}
The quantum computer guesses
1100
Running on ibmqx4
Request completed in 0.56m 33.39s
{'0101': 119, '1001': 52, '0000': 85, '1011': 50, '1101': 111, '1111': 70, '1100': 30, '0001': 85, '1010': 61, '0010': 54, '0111': 93, '1000': 73, '0011': 67, '0110': 28, '1110': 21, '0100': 25}
The quantum computer guesses
0101
Running on ibmqx4
Request completed in 0.47m 27.98s
{'0101': 31, '1001': 66, '0000': 106, '1011': 31, '1101': 69, '1111': 64, '1100': 109, '0001': 77, '1010': 75, '0010': 89, '0111': 32, '1000': 83, '0011': 57, '0110': 23, '1110': 76, '0100': 36}
The quantum computer guesses
1100
Running on ibmqx4
Request completed in 0.45m 26.92s
{'0101': 31, '1001': 44, '0000': 77, '1011': 61, '1101': 17, '1111': 91, '1100': 30, '0001': 65, '1010': 62, '0010': 87, '0111': 112, '1000': 75, '0011': 58, '0110': 95, '1110': 90, '0100': 29}
The quantum computer guesses
0111
Running on ibmqx4
Request completed in 0.47m 28.26s
{'0101': 42, '1001': 43, '0000': 69, '1011': 47, '1101': 27, '1111': 86, '1100': 26, '0001': 56, '1010': 57, '0010': 81, '0111': 118, '1000': 75, '0011': 61, '0110': 110, '1110': 85, '0100': 41}
The quantum computer guesses
0111
Running on ibmqx4
Request completed in 0.47m 27.98s
{'0101': 26, '1001': 56, '0000': 117, '1011': 33, '1101': 83, '1111': 57, '1100': 98, '0001': 71, '1010': 59, '0010': 96, '0111': 17, '1000': 87, '0011': 63, '0110': 32, '1110': 86, '0100': 43}
The quantum computer guesses
0000
Running on ibmqx4
Request completed in 0.47m 28.36s
{'0101': 92, '1001': 67, '0000': 89, '1011': 64, '1101': 85, '1111': 97, '1100': 30, '0001': 78, '1010': 52, '0010': 61, '0111': 84, '1000': 69, '0011': 52, '0110': 36, '1110': 31, '0100': 37}
The quantum computer guesses
1111
Running on ibmqx4
Request completed in 0.46m 27.34s
{'0101': 22, '1001': 55, '0000': 90, '1011': 59, '1101': 21, '1111': 61, '1100': 19, '0001': 76, '1010': 67, '0010': 78, '0111': 110, '1000': 58, '0011': 67, '0110': 125, '1110': 84, '0100': 32}
The quantum computer guesses
0110
Running on ibmqx4
Request completed in 0.46m 27.34s
{'0101': 27, '1001': 47, '0000': 86, '1011': 48, '1101': 16, '1111': 74, '1100': 30, '0001': 59, '1010': 60, '0010': 92, '0111': 89, '1000': 75, '0011': 67, '0110': 110, '1110': 105, '0100': 39}
The quantum computer guesses
0110
Running on ibmqx4
Request completed in 0.45m 27.24s
{'0101': 28, '1001': 57, '0000': 92, '1011': 57, '1101': 20, '1111': 79, '1100': 15, '0001': 75, '1010': 69, '0010': 88, '0111': 95, '1000': 75, '0011': 64, '0110': 126, '1110': 66, '0100': 18}
The quantum computer guesses
0110
Running on ibmqx4
Request completed in 0.45m 26.83s
{'0101': 18, '1001': 61, '0000': 68, '1011': 59, '1101': 29, '1111': 75, '1100': 32, '0001': 66, '1010': 49, '0010': 84, '0111': 99, '1000': 75, '0011': 53, '0110': 130, '1110': 100, '0100': 26}
The quantum computer guesses
0110
Running on ibmqx4
Request completed in 0.46m 27.56s
{'0101': 32, '1001': 65, '0000': 78, '1011': 46, '1101': 26, '1111': 60, '1100': 31, '0001': 75, '1010': 66, '0010': 79, '0111': 74, '1000': 85, '0011': 63, '0110': 116, '1110': 89, '0100': 39}
The quantum computer guesses
0110
Running on ibmqx4
Request completed in 0.46m 27.36s
{'0101': 93, '1001': 67, '0000': 95, '1011': 46, '1101': 91, '1111': 71, '1100': 37, '0001': 78, '1010': 63, '0010': 71, '0111': 86, '1000': 73, '0011': 66, '0110': 21, '1110': 19, '0100': 47}
The quantum computer guesses
0000
Running on ibmqx4
Request completed in 0.46m 27.76s
{'0101': 34, '1001': 81, '0000': 94, '1011': 47, '1101': 99, '1111': 67, '1100': 104, '0001': 65, '1010': 52, '0010': 69, '0111': 24, '1000': 90, '0011': 49, '0110': 23, '1110': 95, '0100': 31}
The quantum computer guesses
1100
Running on ibmqx4
Request completed in 0.45m 26.93s
{'0101': 34, '1001': 47, '0000': 111, '1011': 36, '1101': 93, '1111': 73, '1100': 130, '0001': 57, '1010': 53, '0010': 83, '0111': 30, '1000': 94, '0011': 38, '0110': 32, '1110': 84, '0100': 29}
The quantum computer guesses
1100
Running on ibmqx4
Request completed in 0.56m 33.69s
{'0101': 117, '1001': 69, '0000': 91, '1011': 40, '1101': 91, '1111': 68, '1100': 33, '0001': 97, '1010': 57, '0010': 58, '0111': 102, '1000': 70, '0011': 53, '0110': 28, '1110': 25, '0100': 25}
The quantum computer guesses
0101
Running on ibmqx4
Request completed in 0.45m 26.84s
{'0101': 140, '1001': 55, '0000': 79, '1011': 35, '1101': 101, '1111': 65, '1100': 31, '0001': 89, '1010': 39, '0010': 68, '0111': 110, '1000': 68, '0011': 70, '0110': 18, '1110': 20, '0100': 36}
The quantum computer guesses
0101
Running on ibmqx4
Request completed in 0.46m 27.54s
{'0101': 104, '1001': 71, '0000': 85, '1011': 52, '1101': 99, '1111': 56, '1100': 31, '0001': 73, '1010': 69, '0010': 75, '0111': 88, '1000': 72, '0011': 63, '0110': 24, '1110': 23, '0100': 39}
The quantum computer guesses
0101
Running on ibmqx4
Request completed in 0.45m 27.04s
{'0101': 21, '1001': 64, '0000': 102, '1011': 44, '1101': 90, '1111': 60, '1100': 106, '0001': 74, '1010': 72, '0010': 77, '0111': 21, '1000': 86, '0011': 57, '0110': 26, '1110': 91, '0100': 33}
The quantum computer guesses
1100
Running on ibmqx4
Request completed in 0.45m 26.83s
{'0101': 110, '1001': 64, '0000': 78, '1011': 56, '1101': 86, '1111': 70, '1100': 32, '0001': 84, '1010': 60, '0010': 66, '0111': 88, '1000': 84, '0011': 65, '0110': 32, '1110': 20, '0100': 29}
The quantum computer guesses
0101
Running on ibmqx4
Request completed in 0.44m 26.64s
{'0101': 42, '1001': 49, '0000': 79, '1011': 65, '1101': 27, '1111': 71, '1100': 26, '0001': 63, '1010': 70, '0010': 70, '0111': 95, '1000': 65, '0011': 63, '0110': 111, '1110': 99, '0100': 29}
The quantum computer guesses
0110
Running on ibmqx4
Request completed in 0.46m 27.34s
{'0101': 26, '1001': 55, '0000': 111, '1011': 30, '1101': 107, '1111': 49, '1100': 103, '0001': 97, '1010': 69, '0010': 78, '0111': 17, '1000': 85, '0011': 57, '0110': 30, '1110': 73, '0100': 37}
The quantum computer guesses
0000
Running on ibmqx4
Request completed in 0.49m 29.28s
{'0101': 25, '1001': 49, '0000': 105, '1011': 48, '1101': 97, '1111': 75, '1100': 129, '0001': 77, '1010': 52, '0010': 69, '0111': 14, '1000': 91, '0011': 47, '0110': 36, '1110': 79, '0100': 31}
The quantum computer guesses
1100
Running on ibmqx4
Request completed in 0.45m 27.05s
{'0101': 39, '1001': 55, '0000': 76, '1011': 60, '1101': 20, '1111': 55, '1100': 23, '0001': 57, '1010': 69, '0010': 60, '0111': 101, '1000': 60, '0011': 69, '0110': 133, '1110': 99, '0100': 48}
The quantum computer guesses
0110
Running on ibmqx4
Request completed in 0.45m 26.93s
{'0101': 29, '1001': 59, '0000': 78, '1011': 59, '1101': 83, '1111': 61, '1100': 96, '0001': 68, '1010': 76, '0010': 87, '0111': 26, '1000': 91, '0011': 54, '0110': 23, '1110': 95, '0100': 39}
The quantum computer guesses
1100
Running on ibmqx4
Request completed in 0.45m 26.83s
{'0101': 21, '1001': 55, '0000': 108, '1011': 45, '1101': 125, '1111': 69, '1100': 121, '0001': 64, '1010': 38, '0010': 76, '0111': 17, '1000': 81, '0011': 56, '0110': 18, '1110': 83, '0100': 47}
The quantum computer guesses
1101
Running on ibmqx4
Request completed in 0.47m 28.49s
{'0101': 30, '1001': 49, '0000': 69, '1011': 60, '1101': 37, '1111': 86, '1100': 29, '0001': 57, '1010': 64, '0010': 77, '0111': 91, '1000': 72, '0011': 60, '0110': 114, '1110': 104, '0100': 25}
The quantum computer guesses
0110
Running on ibmqx4
Request completed in 0.45m 27.24s
{'0101': 30, '1001': 53, '0000': 76, '1011': 44, '1101': 27, '1111': 75, '1100': 30, '0001': 58, '1010': 55, '0010': 78, '0111': 96, '1000': 67, '0011': 77, '0110': 121, '1110': 102, '0100': 35}
The quantum computer guesses
0110
Running on ibmqx4
Request completed in 0.46m 27.76s
{'0101': 21, '1001': 50, '0000': 87, '1011': 61, '1101': 22, '1111': 87, '1100': 28, '0001': 70, '1010': 70, '0010': 64, '0111': 98, '1000': 71, '0011': 54, '0110': 109, '1110': 99, '0100': 33}
The quantum computer guesses
0110
Running on ibmqx4
Request completed in 0.45m 27.03s
{'0101': 132, '1001': 61, '0000': 89, '1011': 53, '1101': 99, '1111': 67, '1100': 20, '0001': 79, '1010': 50, '0010': 54, '0111': 83, '1000': 80, '0011': 62, '0110': 30, '1110': 22, '0100': 43}
The quantum computer guesses
0101
Running on ibmqx4
Request completed in 0.45m 27.14s
{'0101': 22, '1001': 53, '0000': 75, '1011': 64, '1101': 25, '1111': 87, '1100': 28, '0001': 58, '1010': 71, '0010': 76, '0111': 82, '1000': 83, '0011': 59, '0110': 107, '1110': 102, '0100': 32}
The quantum computer guesses
0110
Running on ibmqx4
Request completed in 0.46m 27.34s
{'0101': 75, '1001': 25, '0000': 86, '1011': 65, '1101': 23, '1111': 75, '1100': 26, '0001': 74, '1010': 105, '0010': 89, '0111': 53, '1000': 36, '0011': 62, '0110': 72, '1110': 96, '0100': 62}
The quantum computer guesses
1010
Running on ibmqx4
Request completed in 0.45m 27.15s
{'0101': 26, '1001': 32, '0000': 90, '1011': 86, '1101': 20, '1111': 80, '1100': 67, '0001': 31, '1010': 55, '0010': 64, '0111': 88, '1000': 61, '0011': 128, '0110': 57, '1110': 56, '0100': 83}
The quantum computer guesses
0011
Running on ibmqx4
Request completed in 0.45m 27.03s
{'0101': 31, '1001': 47, '0000': 92, '1011': 53, '1101': 16, '1111': 77, '1100': 22, '0001': 49, '1010': 68, '0010': 75, '0111': 101, '1000': 70, '0011': 61, '0110': 140, '1110': 85, '0100': 37}
The quantum computer guesses
0110
Running on ibmqx4
Request completed in 0.46m 27.36s
{'0101': 33, '1001': 52, '0000': 110, '1011': 57, '1101': 91, '1111': 66, '1100': 107, '0001': 74, '1010': 50, '0010': 92, '0111': 24, '1000': 77, '0011': 48, '0110': 22, '1110': 85, '0100': 36}
The quantum computer guesses
0000
Running on ibmqx4
Request completed in 0.46m 27.64s
{'0101': 33, '1001': 70, '0000': 84, '1011': 54, '1101': 83, '1111': 57, '1100': 118, '0001': 78, '1010': 60, '0010': 67, '0111': 22, '1000': 80, '0011': 69, '0110': 24, '1110': 90, '0100': 35}
The quantum computer guesses
1100
Running on ibmqx4
Request completed in 0.47m 28.17s
{'0101': 28, '1001': 51, '0000': 102, '1011': 46, '1101': 29, '1111': 52, '1100': 20, '0001': 62, '1010': 74, '0010': 87, '0111': 91, '1000': 74, '0011': 67, '0110': 115, '1110': 80, '0100': 46}
The quantum computer guesses
0110
Running on ibmqx4
Request completed in 0.45m 27.24s
{'0101': 31, '1001': 58, '0000': 91, '1011': 46, '1101': 94, '1111': 59, '1100': 113, '0001': 92, '1010': 62, '0010': 74, '0111': 26, '1000': 80, '0011': 50, '0110': 31, '1110': 86, '0100': 31}
The quantum computer guesses
1100
Running on ibmqx4
Request completed in 0.47m 28.06s
{'0101': 20, '1001': 48, '0000': 122, '1011': 46, '1101': 99, '1111': 53, '1100': 126, '0001': 74, '1010': 66, '0010': 65, '0111': 23, '1000': 87, '0011': 41, '0110': 27, '1110': 88, '0100': 39}
The quantum computer guesses
1100
Running on ibmqx4
Request completed in 0.45m 27.03s
{'0101': 28, '1001': 41, '0000': 96, '1011': 48, '1101': 19, '1111': 60, '1100': 28, '0001': 81, '1010': 65, '0010': 91, '0111': 91, '1000': 76, '0011': 68, '0110': 97, '1110': 86, '0100': 49}
The quantum computer guesses
0110
Running on ibmqx4
Request completed in 0.47m 28.37s
{'0101': 28, '1001': 54, '0000': 86, '1011': 56, '1101': 20, '1111': 83, '1100': 35, '0001': 63, '1010': 68, '0010': 67, '0111': 108, '1000': 61, '0011': 58, '0110': 123, '1110': 86, '0100': 28}
The quantum computer guesses
0110
Running on ibmqx4
Request completed in 0.44m 26.63s
{'0101': 129, '1001': 68, '0000': 84, '1011': 55, '1101': 87, '1111': 72, '1100': 32, '0001': 70, '1010': 57, '0010': 67, '0111': 83, '1000': 75, '0011': 73, '0110': 24, '1110': 14, '0100': 34}
The quantum computer guesses
0101
Running on ibmqx4
Request completed in 0.46m 27.44s
{'0101': 23, '1001': 50, '0000': 116, '1011': 40, '1101': 101, '1111': 60, '1100': 133, '0001': 86, '1010': 55, '0010': 80, '0111': 15, '1000': 72, '0011': 58, '0110': 24, '1110': 68, '0100': 43}
The quantum computer guesses
1100
Running on ibmqx4
Request completed in 0.48m 28.99s
{'0101': 118, '1001': 66, '0000': 76, '1011': 43, '1101': 120, '1111': 80, '1100': 24, '0001': 90, '1010': 62, '0010': 62, '0111': 71, '1000': 67, '0011': 63, '0110': 20, '1110': 20, '0100': 42}
The quantum computer guesses
1101
Running on ibmqx4
Request completed in 0.46m 27.55s
{'0101': 22, '1001': 72, '0000': 110, '1011': 46, '1101': 84, '1111': 52, '1100': 107, '0001': 85, '1010': 54, '0010': 75, '0111': 20, '1000': 94, '0011': 53, '0110': 34, '1110': 79, '0100': 37}
The quantum computer guesses
0000
Running on ibmqx4
Request completed in 0.46m 27.56s
{'0101': 121, '1001': 60, '0000': 97, '1011': 45, '1101': 72, '1111': 59, '1100': 40, '0001': 99, '1010': 49, '0010': 81, '0111': 101, '1000': 66, '0011': 60, '0110': 23, '1110': 20, '0100': 31}
The quantum computer guesses
0101
Running on ibmqx4
Request completed in 0.46m 27.34s
{'0101': 76, '1001': 29, '0000': 97, '1011': 87, '1101': 21, '1111': 63, '1100': 21, '0001': 58, '1010': 119, '0010': 99, '0111': 53, '1000': 44, '0011': 67, '0110': 57, '1110': 72, '0100': 61}
The quantum computer guesses
1010
Running on ibmqx4
Request completed in 0.46m 27.45s
{'0101': 25, '1001': 59, '0000': 111, '1011': 41, '1101': 84, '1111': 71, '1100': 100, '0001': 84, '1010': 68, '0010': 74, '0111': 17, '1000': 84, '0011': 46, '0110': 32, '1110': 86, '0100': 42}
The quantum computer guesses
0000
Running on ibmqx4
Request completed in 0.48m 28.68s
{'0101': 32, '1001': 49, '0000': 98, '1011': 45, '1101': 85, '1111': 51, '1100': 118, '0001': 68, '1010': 63, '0010': 70, '0111': 25, '1000': 80, '0011': 60, '0110': 37, '1110': 94, '0100': 49}
The quantum computer guesses
1100
Running on ibmqx4
Request completed in 0.46m 27.76s
{'0101': 26, '1001': 62, '0000': 69, '1011': 58, '1101': 28, '1111': 75, '1100': 24, '0001': 69, '1010': 89, '0010': 84, '0111': 71, '1000': 70, '0011': 64, '0110': 111, '1110': 82, '0100': 42}
The quantum computer guesses
0110
Running on ibmqx4
Request completed in 0.56m 33.59s
{'0101': 33, '1001': 49, '0000': 74, '1011': 56, '1101': 20, '1111': 90, '1100': 26, '0001': 70, '1010': 78, '0010': 81, '0111': 90, '1000': 67, '0011': 51, '0110': 93, '1110': 91, '0100': 55}
The quantum computer guesses
0110
Running on ibmqx4
Request completed in 0.47m 28.37s
{'0101': 29, '1001': 59, '0000': 101, '1011': 45, '1101': 84, '1111': 56, '1100': 107, '0001': 92, '1010': 68, '0010': 68, '0111': 18, '1000': 83, '0011': 63, '0110': 29, '1110': 78, '0100': 44}
The quantum computer guesses
1100
Running on ibmqx4
Request completed in 0.51m 30.31s
{'0101': 27, '1001': 43, '0000': 88, '1011': 62, '1101': 31, '1111': 61, '1100': 49, '0001': 47, '1010': 67, '0010': 61, '0111': 108, '1000': 74, '0011': 67, '0110': 110, '1110': 79, '0100': 50}
The quantum computer guesses
0110
Running on ibmqx4
Request completed in 0.46m 27.44s
{'0101': 39, '1001': 53, '0000': 89, '1011': 26, '1101': 110, '1111': 64, '1100': 126, '0001': 63, '1010': 55, '0010': 81, '0111': 24, '1000': 95, '0011': 54, '0110': 32, '1110': 78, '0100': 35}
The quantum computer guesses
1100
Running on ibmqx4
Request completed in 0.42m 25.4s
{'0101': 43, '1001': 51, '0000': 90, '1011': 43, '1101': 87, '1111': 58, '1100': 116, '0001': 66, '1010': 60, '0010': 68, '0111': 26, '1000': 73, '0011': 65, '0110': 35, '1110': 91, '0100': 52}
The quantum computer guesses
1100
Running on ibmqx4
Request completed in 0.45m 27.24s
{'0101': 22, '1001': 62, '0000': 119, '1011': 35, '1101': 83, '1111': 77, '1100': 112, '0001': 94, '1010': 53, '0010': 61, '0111': 25, '1000': 88, '0011': 49, '0110': 30, '1110': 83, '0100': 31}
The quantum computer guesses
0000
Running on ibmqx4
Request completed in 0.46m 27.38s
{'0101': 36, '1001': 54, '0000': 98, '1011': 32, '1101': 78, '1111': 68, '1100': 97, '0001': 72, '1010': 62, '0010': 73, '0111': 22, '1000': 111, '0011': 46, '0110': 35, '1110': 84, '0100': 56}
The quantum computer guesses
1000
Running on ibmqx4
Request completed in 0.47m 28.16s
{'0101': 123, '1001': 77, '0000': 100, '1011': 39, '1101': 93, '1111': 87, '1100': 34, '0001': 69, '1010': 58, '0010': 70, '0111': 79, '1000': 62, '0011': 63, '0110': 19, '1110': 21, '0100': 30}
The quantum computer guesses
0101
Running on ibmqx4
Request completed in 0.48m 28.68s
{'0101': 29, '1001': 63, '0000': 76, '1011': 65, '1101': 18, '1111': 80, '1100': 21, '0001': 66, '1010': 54, '0010': 87, '0111': 91, '1000': 67, '0011': 63, '0110': 111, '1110': 98, '0100': 35}
The quantum computer guesses
0110
Running on ibmqx4
Request completed in 0.45m 27.13s
{'0101': 40, '1001': 49, '0000': 87, '1011': 42, '1101': 78, '1111': 80, '1100': 103, '0001': 96, '1010': 60, '0010': 67, '0111': 25, '1000': 83, '0011': 49, '0110': 27, '1110': 87, '0100': 51}
The quantum computer guesses
1100
Running on ibmqx4
Request completed in 0.46m 27.76s
{'0101': 29, '1001': 63, '0000': 106, '1011': 40, '1101': 69, '1111': 52, '1100': 123, '0001': 73, '1010': 73, '0010': 84, '0111': 31, '1000': 78, '0011': 55, '0110': 34, '1110': 66, '0100': 48}
The quantum computer guesses
1100
Running on ibmqx4
Request completed in 0.47m 28.26s
{'0101': 130, '1001': 61, '0000': 74, '1011': 51, '1101': 104, '1111': 73, '1100': 36, '0001': 84, '1010': 51, '0010': 61, '0111': 95, '1000': 61, '0011': 50, '0110': 26, '1110': 23, '0100': 44}
The quantum computer guesses
0101
Running on ibmqx4
Request completed in 0.46m 27.56s
{'0101': 31, '1001': 66, '0000': 98, '1011': 48, '1101': 106, '1111': 69, '1100': 123, '0001': 90, '1010': 41, '0010': 63, '0111': 29, '1000': 82, '0011': 40, '0110': 25, '1110': 67, '0100': 46}
The quantum computer guesses
1100
Running on ibmqx4
Request completed in 0.46m 27.65s
{'0101': 33, '1001': 48, '0000': 106, '1011': 34, '1101': 77, '1111': 50, '1100': 115, '0001': 91, '1010': 75, '0010': 70, '0111': 28, '1000': 90, '0011': 64, '0110': 30, '1110': 77, '0100': 36}
The quantum computer guesses
1100
Running on ibmqx4
Request completed in 0.46m 27.54s
{'0101': 37, '1001': 50, '0000': 69, '1011': 51, '1101': 29, '1111': 81, '1100': 32, '0001': 68, '1010': 66, '0010': 89, '0111': 100, '1000': 69, '0011': 65, '0110': 95, '1110': 83, '0100': 40}
The quantum computer guesses
0111
Running on ibmqx4
Request completed in 0.46m 27.56s
{'0101': 23, '1001': 62, '0000': 129, '1011': 45, '1101': 96, '1111': 80, '1100': 103, '0001': 79, '1010': 49, '0010': 63, '0111': 21, '1000': 77, '0011': 47, '0110': 31, '1110': 81, '0100': 38}
The quantum computer guesses
0000
Running on ibmqx4
Request completed in 0.47m 28.47s
{'0101': 29, '1001': 31, '0000': 84, '1011': 20, '1101': 93, '1111': 83, '1100': 119, '0001': 71, '1010': 30, '0010': 73, '0111': 46, '1000': 44, '0011': 62, '0110': 61, '1110': 98, '0100': 80}
The quantum computer guesses
1100
Running on ibmqx4
Request completed in 0.47m 28.17s
{'0101': 63, '1001': 45, '0000': 98, '1011': 97, '1101': 31, '1111': 57, '1100': 32, '0001': 54, '1010': 99, '0010': 78, '0111': 55, '1000': 40, '0011': 64, '0110': 70, '1110': 77, '0100': 64}
The quantum computer guesses
1010
Running on ibmqx4
Request completed in 0.49m 29.19s
{'0101': 28, '1001': 58, '0000': 108, '1011': 38, '1101': 77, '1111': 72, '1100': 126, '0001': 89, '1010': 54, '0010': 69, '0111': 27, '1000': 70, '0011': 48, '0110': 34, '1110': 73, '0100': 53}
The quantum computer guesses
1100
Running on ibmqx4
Request completed in 0.46m 27.76s
{'0101': 111, '1001': 70, '0000': 80, '1011': 38, '1101': 73, '1111': 52, '1100': 35, '0001': 81, '1010': 64, '0010': 75, '0111': 93, '1000': 69, '0011': 75, '0110': 35, '1110': 24, '0100': 49}
The quantum computer guesses
0101
Running on ibmqx4
Request completed in 0.48m 28.78s
{'0101': 32, '1001': 44, '0000': 72, '1011': 40, '1101': 40, '1111': 77, '1100': 38, '0001': 63, '1010': 74, '0010': 75, '0111': 79, '1000': 68, '0011': 66, '0110': 117, '1110': 98, '0100': 41}
The quantum computer guesses
0110
Running on ibmqx4
Request completed in 0.5m 29.99s
{'0101': 103, '1001': 73, '0000': 106, '1011': 65, '1101': 64, '1111': 86, '1100': 30, '0001': 83, '1010': 50, '0010': 57, '0111': 70, '1000': 72, '0011': 76, '0110': 22, '1110': 29, '0100': 38}
The quantum computer guesses
0000
Running on ibmqx4
Request completed in 0.46m 27.56s
{'0101': 24, '1001': 49, '0000': 87, '1011': 56, '1101': 23, '1111': 80, '1100': 49, '0001': 63, '1010': 55, '0010': 73, '0111': 99, '1000': 75, '0011': 62, '0110': 114, '1110': 69, '0100': 46}
The quantum computer guesses
0110
Running on ibmqx4
Request completed in 0.48m 28.58s
{'0101': 32, '1001': 53, '0000': 105, '1011': 25, '1101': 96, '1111': 75, '1100': 110, '0001': 62, '1010': 67, '0010': 70, '0111': 31, '1000': 111, '0011': 56, '0110': 26, '1110': 66, '0100': 39}
The quantum computer guesses
1000
Running on ibmqx4
Request completed in 0.47m 28.25s
{'0101': 36, '1001': 69, '0000': 98, '1011': 49, '1101': 90, '1111': 54, '1100': 116, '0001': 86, '1010': 55, '0010': 53, '0111': 20, '1000': 90, '0011': 58, '0110': 36, '1110': 68, '0100': 46}
The quantum computer guesses
1100
Running on ibmqx4
Request completed in 0.46m 27.65s
{'0101': 25, '1001': 45, '0000': 93, '1011': 52, '1101': 23, '1111': 77, '1100': 35, '0001': 70, '1010': 71, '0010': 74, '0111': 90, '1000': 94, '0011': 57, '0110': 97, '1110': 86, '0100': 35}
The quantum computer guesses
0110
Running on ibmqx4
Request completed in 0.45m 27.14s
{'0101': 36, '1001': 53, '0000': 81, '1011': 63, '1101': 19, '1111': 70, '1100': 28, '0001': 74, '1010': 52, '0010': 81, '0111': 99, '1000': 76, '0011': 58, '0110': 107, '1110': 94, '0100': 33}
The quantum computer guesses
0110
Running on ibmqx4
Request completed in 0.46m 27.66s
{'0101': 26, '1001': 52, '0000': 81, '1011': 46, '1101': 13, '1111': 73, '1100': 41, '0001': 64, '1010': 67, '0010': 89, '0111': 97, '1000': 69, '0011': 60, '0110': 115, '1110': 100, '0100': 31}
The quantum computer guesses
0110
Running on ibmqx4
Request completed in 0.47m 27.97s
{'0101': 25, '1001': 30, '0000': 102, '1011': 76, '1101': 29, '1111': 91, '1100': 83, '0001': 29, '1010': 58, '0010': 65, '0111': 94, '1000': 81, '0011': 109, '0110': 34, '1110': 50, '0100': 68}
The quantum computer guesses
0011
Running on ibmqx4
Request completed in 0.47m 28.36s
{'0101': 32, '1001': 54, '0000': 115, '1011': 37, '1101': 88, '1111': 62, '1100': 106, '0001': 96, '1010': 57, '0010': 69, '0111': 24, '1000': 70, '0011': 55, '0110': 31, '1110': 82, '0100': 46}
The quantum computer guesses
0000
Running on ibmqx4
Request completed in 0.46m 27.87s
{'0101': 28, '1001': 46, '0000': 94, '1011': 34, '1101': 118, '1111': 78, '1100': 110, '0001': 102, '1010': 28, '0010': 79, '0111': 16, '1000': 84, '0011': 77, '0110': 28, '1110': 64, '0100': 38}
The quantum computer guesses
1101
Running on ibmqx4
Request completed in 0.46m 27.86s
{'0101': 34, '1001': 31, '0000': 88, '1011': 80, '1101': 22, '1111': 90, '1100': 63, '0001': 39, '1010': 58, '0010': 81, '0111': 79, '1000': 78, '0011': 101, '0110': 57, '1110': 40, '0100': 83}
The quantum computer guesses
0011
Running on ibmqx4
Request completed in 0.46m 27.66s
{'0101': 46, '1001': 68, '0000': 101, '1011': 41, '1101': 92, '1111': 78, '1100': 125, '0001': 51, '1010': 53, '0010': 75, '0111': 19, '1000': 85, '0011': 49, '0110': 25, '1110': 77, '0100': 39}
The quantum computer guesses
1100
Running on ibmqx4
Request completed in 0.45m 26.73s
{'0101': 17, '1001': 52, '0000': 84, '1011': 68, '1101': 25, '1111': 73, '1100': 27, '0001': 64, '1010': 64, '0010': 81, '0111': 70, '1000': 80, '0011': 79, '0110': 107, '1110': 96, '0100': 37}
The quantum computer guesses
0110
Running on ibmqx4
Request completed in 0.4m 24.28s
{'0101': 22, '1001': 47, '0000': 84, '1011': 57, '1101': 31, '1111': 72, '1100': 35, '0001': 50, '1010': 72, '0010': 87, '0111': 104, '1000': 68, '0011': 57, '0110': 129, '1110': 94, '0100': 15}
The quantum computer guesses
0110
Running on ibmqx4
Request completed in 0.47m 28.05s
{'0101': 33, '1001': 55, '0000': 81, '1011': 40, '1101': 17, '1111': 68, '1100': 29, '0001': 52, '1010': 83, '0010': 84, '0111': 106, '1000': 77, '0011': 53, '0110': 115, '1110': 99, '0100': 32}
The quantum computer guesses
0110
Running on ibmqx4
Request completed in 0.46m 27.34s
{'0101': 35, '1001': 61, '0000': 102, '1011': 49, '1101': 94, '1111': 64, '1100': 116, '0001': 68, '1010': 64, '0010': 92, '0111': 12, '1000': 85, '0011': 53, '0110': 26, '1110': 68, '0100': 35}
The quantum computer guesses
1100
Running on ibmqx4
Request completed in 0.46m 27.74s
{'0101': 28, '1001': 53, '0000': 107, '1011': 39, '1101': 89, '1111': 62, '1100': 113, '0001': 72, '1010': 48, '0010': 86, '0111': 15, '1000': 75, '0011': 52, '0110': 33, '1110': 109, '0100': 43}
The quantum computer guesses
1100
Running on ibmqx4
Request completed in 0.46m 27.86s
{'0101': 24, '1001': 59, '0000': 112, '1011': 43, '1101': 86, '1111': 73, '1100': 121, '0001': 83, '1010': 58, '0010': 54, '0111': 22, '1000': 68, '0011': 60, '0110': 32, '1110': 76, '0100': 53}
The quantum computer guesses
1100
Running on ibmqx4
Request completed in 0.47m 28.47s
{'0101': 108, '1001': 65, '0000': 117, '1011': 44, '1101': 73, '1111': 61, '1100': 33, '0001': 94, '1010': 53, '0010': 49, '0111': 101, '1000': 74, '0011': 49, '0110': 32, '1110': 23, '0100': 48}
The quantum computer guesses
0000
Running on ibmqx4
Request completed in 0.46m 27.45s
{'0101': 28, '1001': 58, '0000': 85, '1011': 50, '1101': 23, '1111': 88, '1100': 27, '0001': 62, '1010': 76, '0010': 71, '0111': 82, '1000': 67, '0011': 65, '0110': 122, '1110': 86, '0100': 34}
The quantum computer guesses
0110
Running on ibmqx4
Request completed in 0.46m 27.44s
{'0101': 19, '1001': 66, '0000': 95, '1011': 40, '1101': 25, '1111': 70, '1100': 41, '0001': 78, '1010': 53, '0010': 57, '0111': 81, '1000': 68, '0011': 78, '0110': 116, '1110': 99, '0100': 38}
The quantum computer guesses
0110
Running on ibmqx4
Request completed in 0.47m 27.96s
{'0101': 51, '1001': 41, '0000': 121, '1011': 24, '1101': 78, '1111': 65, '1100': 101, '0001': 68, '1010': 78, '0010': 66, '0111': 27, '1000': 72, '0011': 57, '0110': 32, '1110': 91, '0100': 52}
The quantum computer guesses
0000
Running on ibmqx4
Request completed in 0.45m 27.24s
{'0101': 23, '1001': 53, '0000': 120, '1011': 50, '1101': 29, '1111': 79, '1100': 12, '0001': 66, '1010': 70, '0010': 95, '0111': 77, '1000': 68, '0011': 55, '0110': 103, '1110': 82, '0100': 42}
The quantum computer guesses
0000
Running on ibmqx4
Request completed in 0.46m 27.55s
{'0101': 34, '1001': 70, '0000': 94, '1011': 46, '1101': 24, '1111': 72, '1100': 40, '0001': 75, '1010': 61, '0010': 67, '0111': 96, '1000': 61, '0011': 51, '0110': 100, '1110': 87, '0100': 46}
The quantum computer guesses
0110
Running on ibmqx4
Request completed in 0.45m 27.26s
{'0101': 24, '1001': 49, '0000': 104, '1011': 49, '1101': 87, '1111': 71, '1100': 120, '0001': 71, '1010': 59, '0010': 91, '0111': 20, '1000': 75, '0011': 53, '0110': 29, '1110': 93, '0100': 29}
The quantum computer guesses
1100
Running on ibmqx4
Request completed in 0.47m 28.26s
{'0101': 30, '1001': 66, '0000': 106, '1011': 48, '1101': 20, '1111': 81, '1100': 21, '0001': 66, '1010': 52, '0010': 88, '0111': 114, '1000': 88, '0011': 39, '0110': 112, '1110': 63, '0100': 30}
The quantum computer guesses
0111
Running on ibmqx4
Request completed in 0.48m 28.89s
{'0101': 31, '1001': 48, '0000': 112, '1011': 41, '1101': 88, '1111': 76, '1100': 117, '0001': 74, '1010': 50, '0010': 80, '0111': 13, '1000': 71, '0011': 58, '0110': 28, '1110': 93, '0100': 44}
The quantum computer guesses
1100
Running on ibmqx4
Request completed in 0.47m 27.95s
{'0101': 42, '1001': 28, '0000': 100, '1011': 66, '1101': 30, '1111': 65, '1100': 57, '0001': 38, '1010': 53, '0010': 74, '0111': 95, '1000': 62, '0011': 122, '0110': 74, '1110': 42, '0100': 76}
The quantum computer guesses
0011
Running on ibmqx4
Request completed in 0.46m 27.85s
{'0101': 44, '1001': 37, '0000': 130, '1011': 38, '1101': 91, '1111': 69, '1100': 108, '0001': 87, '1010': 53, '0010': 72, '0111': 30, '1000': 69, '0011': 47, '0110': 30, '1110': 83, '0100': 36}
The quantum computer guesses
0000
Running on ibmqx4
Request completed in 0.46m 27.33s
{'0101': 35, '1001': 65, '0000': 116, '1011': 45, '1101': 77, '1111': 77, '1100': 99, '0001': 82, '1010': 50, '0010': 67, '0111': 19, '1000': 80, '0011': 53, '0110': 37, '1110': 74, '0100': 48}
The quantum computer guesses
0000
Running on ibmqx4
Request completed in 0.56m 33.4s
{'0101': 23, '1001': 50, '0000': 121, '1011': 34, '1101': 91, '1111': 59, '1100': 137, '0001': 76, '1010': 68, '0010': 83, '0111': 23, '1000': 73, '0011': 55, '0110': 22, '1110': 73, '0100': 36}
The quantum computer guesses
1100
Running on ibmqx4
Request completed in 0.46m 27.34s
{'0101': 125, '1001': 51, '0000': 91, '1011': 45, '1101': 89, '1111': 72, '1100': 17, '0001': 94, '1010': 61, '0010': 72, '0111': 108, '1000': 56, '0011': 68, '0110': 26, '1110': 23, '0100': 26}
The quantum computer guesses
0101
Running on ibmqx4
Request completed in 0.46m 27.74s
{'0101': 26, '1001': 54, '0000': 77, '1011': 44, '1101': 23, '1111': 84, '1100': 18, '0001': 60, '1010': 67, '0010': 84, '0111': 122, '1000': 75, '0011': 54, '0110': 101, '1110': 93, '0100': 42}
The quantum computer guesses
0111
Running on ibmqx4
Request completed in 0.46m 27.68s
{'0101': 25, '1001': 51, '0000': 75, '1011': 51, '1101': 27, '1111': 86, '1100': 35, '0001': 59, '1010': 60, '0010': 90, '0111': 90, '1000': 64, '0011': 54, '0110': 112, '1110': 112, '0100': 33}
The quantum computer guesses
0110
Running on ibmqx4
Request completed in 0.47m 28.05s
{'0101': 31, '1001': 26, '0000': 94, '1011': 100, '1101': 24, '1111': 70, '1100': 65, '0001': 38, '1010': 49, '0010': 70, '0111': 102, '1000': 66, '0011': 100, '0110': 70, '1110': 40, '0100': 79}
The quantum computer guesses
0111
Running on ibmqx4
Request completed in 0.47m 28.06s
{'0101': 101, '1001': 71, '0000': 110, '1011': 46, '1101': 79, '1111': 64, '1100': 45, '0001': 84, '1010': 51, '0010': 74, '0111': 85, '1000': 74, '0011': 49, '0110': 36, '1110': 21, '0100': 34}
The quantum computer guesses
0000
Running on ibmqx4
Request completed in 0.46m 27.75s
{'0101': 20, '1001': 42, '0000': 90, '1011': 40, '1101': 17, '1111': 78, '1100': 31, '0001': 66, '1010': 83, '0010': 77, '0111': 82, '1000': 83, '0011': 56, '0110': 126, '1110': 94, '0100': 39}
The quantum computer guesses
0110
Running on ibmqx4
Request completed in 0.45m 27.05s
{'0101': 123, '1001': 64, '0000': 88, '1011': 59, '1101': 74, '1111': 76, '1100': 30, '0001': 96, '1010': 54, '0010': 65, '0111': 86, '1000': 75, '0011': 63, '0110': 25, '1110': 12, '0100': 34}
The quantum computer guesses
0101
Running on ibmqx4
Request completed in 0.46m 27.85s
{'0101': 117, '1001': 68, '0000': 108, '1011': 57, '1101': 93, '1111': 75, '1100': 32, '0001': 68, '1010': 63, '0010': 55, '0111': 89, '1000': 58, '0011': 69, '0110': 29, '1110': 21, '0100': 22}
The quantum computer guesses
0101
Running on ibmqx4
Request completed in 0.47m 28.08s
{'0101': 30, '1001': 48, '0000': 95, '1011': 58, '1101': 19, '1111': 61, '1100': 32, '0001': 43, '1010': 75, '0010': 73, '0111': 93, '1000': 91, '0011': 60, '0110': 100, '1110': 103, '0100': 43}
The quantum computer guesses
1110
Running on ibmqx4
Request completed in 0.47m 28.37s
{'0101': 32, '1001': 72, '0000': 101, '1011': 44, '1101': 103, '1111': 69, '1100': 114, '0001': 75, '1010': 63, '0010': 61, '0111': 16, '1000': 76, '0011': 51, '0110': 23, '1110': 78, '0100': 46}
The quantum computer guesses
1100
Running on ibmqx4
Request completed in 0.46m 27.75s
{'0101': 35, '1001': 53, '0000': 99, '1011': 42, '1101': 18, '1111': 71, '1100': 19, '0001': 53, '1010': 78, '0010': 96, '0111': 100, '1000': 77, '0011': 52, '0110': 113, '1110': 84, '0100': 34}
The quantum computer guesses
0110
Running on ibmqx4
Request completed in 0.47m 27.95s
{'0101': 27, '1001': 52, '0000': 102, '1011': 45, '1101': 85, '1111': 67, '1100': 119, '0001': 68, '1010': 60, '0010': 71, '0111': 32, '1000': 91, '0011': 44, '0110': 30, '1110': 95, '0100': 36}
The quantum computer guesses
1100
Running on ibmqx4
Request completed in 0.47m 28.25s
{'0101': 97, '1001': 77, '0000': 92, '1011': 44, '1101': 113, '1111': 89, '1100': 34, '0001': 93, '1010': 50, '0010': 72, '0111': 79, '1000': 57, '0011': 48, '0110': 30, '1110': 26, '0100': 23}
The quantum computer guesses
1101
Running on ibmqx4
Request completed in 0.47m 28.17s
{'0101': 35, '1001': 47, '0000': 98, '1011': 44, '1101': 102, '1111': 63, '1100': 126, '0001': 74, '1010': 62, '0010': 64, '0111': 15, '1000': 82, '0011': 62, '0110': 33, '1110': 82, '0100': 35}
The quantum computer guesses
1100
Running on ibmqx4
Request completed in 0.47m 28.36s
{'0101': 27, '1001': 50, '0000': 81, '1011': 39, '1101': 124, '1111': 71, '1100': 99, '0001': 87, '1010': 75, '0010': 80, '0111': 24, '1000': 73, '0011': 54, '0110': 34, '1110': 72, '0100': 34}
The quantum computer guesses
1101
Running on ibmqx4
Request completed in 0.46m 27.85s
{'0101': 139, '1001': 64, '0000': 94, '1011': 52, '1101': 90, '1111': 65, '1100': 30, '0001': 70, '1010': 51, '0010': 73, '0111': 81, '1000': 83, '0011': 58, '0110': 19, '1110': 19, '0100': 36}
The quantum computer guesses
0101
Running on ibmqx4
Request completed in 0.46m 27.76s
{'0101': 130, '1001': 59, '0000': 107, '1011': 38, '1101': 102, '1111': 61, '1100': 28, '0001': 69, '1010': 50, '0010': 72, '0111': 85, '1000': 70, '0011': 54, '0110': 31, '1110': 27, '0100': 41}
The quantum computer guesses
0101
Running on ibmqx4
Request completed in 0.48m 28.9s
{'0101': 33, '1001': 64, '0000': 85, '1011': 27, '1101': 97, '1111': 70, '1100': 107, '0001': 73, '1010': 56, '0010': 64, '0111': 22, '1000': 109, '0011': 61, '0110': 36, '1110': 83, '0100': 37}
The quantum computer guesses
1000
Running on ibmqx4
Request completed in 0.46m 27.85s
{'0101': 24, '1001': 65, '0000': 95, '1011': 44, '1101': 104, '1111': 61, '1100': 117, '0001': 77, '1010': 65, '0010': 65, '0111': 28, '1000': 70, '0011': 49, '0110': 30, '1110': 74, '0100': 56}
The quantum computer guesses
1100
Running on ibmqx4
Request completed in 0.46m 27.35s
{'0101': 25, '1001': 54, '0000': 106, '1011': 46, '1101': 26, '1111': 66, '1100': 24, '0001': 67, '1010': 75, '0010': 87, '0111': 61, '1000': 89, '0011': 46, '0110': 110, '1110': 94, '0100': 48}
The quantum computer guesses
0110
Running on ibmqx4
Request completed in 0.45m 27.24s
{'0101': 115, '1001': 61, '0000': 93, '1011': 54, '1101': 87, '1111': 79, '1100': 37, '0001': 68, '1010': 54, '0010': 64, '0111': 84, '1000': 84, '0011': 56, '0110': 29, '1110': 22, '0100': 37}
The quantum computer guesses
0101
Running on ibmqx4
Request completed in 0.47m 28.38s
{'0101': 27, '1001': 49, '0000': 100, '1011': 48, '1101': 87, '1111': 69, '1100': 138, '0001': 76, '1010': 47, '0010': 67, '0111': 22, '1000': 87, '0011': 52, '0110': 25, '1110': 89, '0100': 41}
The quantum computer guesses
1100
Running on ibmqx4
Request completed in 0.46m 27.85s
{'0101': 28, '1001': 54, '0000': 102, '1011': 44, '1101': 76, '1111': 71, '1100': 113, '0001': 63, '1010': 73, '0010': 80, '0111': 26, '1000': 64, '0011': 56, '0110': 30, '1110': 94, '0100': 50}
The quantum computer guesses
1100
Running on ibmqx4
Request completed in 0.47m 28.26s
{'0101': 33, '1001': 32, '0000': 95, '1011': 37, '1101': 100, '1111': 66, '1100': 128, '0001': 68, '1010': 48, '0010': 83, '0111': 26, '1000': 91, '0011': 55, '0110': 30, '1110': 76, '0100': 56}
The quantum computer guesses
1100
Running on ibmqx4
Request completed in 1.05m 3.18s
{'0101': 33, '1001': 66, '0000': 88, '1011': 52, '1101': 20, '1111': 85, '1100': 36, '0001': 69, '1010': 55, '0010': 71, '0111': 95, '1000': 77, '0011': 51, '0110': 99, '1110': 96, '0100': 31}
The quantum computer guesses
0110
Running on ibmqx4
Request completed in 0.46m 27.86s
{'0101': 35, '1001': 69, '0000': 102, '1011': 62, '1101': 89, '1111': 63, '1100': 116, '0001': 76, '1010': 58, '0010': 77, '0111': 21, '1000': 72, '0011': 41, '0110': 29, '1110': 71, '0100': 43}
The quantum computer guesses
1100
Running on ibmqx4
Request completed in 0.5m 29.91s
{'0101': 31, '1001': 53, '0000': 101, '1011': 42, '1101': 96, '1111': 71, '1100': 98, '0001': 84, '1010': 66, '0010': 100, '0111': 26, '1000': 78, '0011': 58, '0110': 28, '1110': 64, '0100': 28}
The quantum computer guesses
0000
Running on ibmqx4
Request completed in 0.47m 28.47s
{'0101': 122, '1001': 71, '0000': 105, '1011': 41, '1101': 89, '1111': 58, '1100': 39, '0001': 80, '1010': 52, '0010': 59, '0111': 90, '1000': 50, '0011': 57, '0110': 45, '1110': 19, '0100': 47}
The quantum computer guesses
0101
Running on ibmqx4
Request completed in 0.47m 28.16s
{'0101': 34, '1001': 63, '0000': 100, '1011': 60, '1101': 85, '1111': 81, '1100': 87, '0001': 70, '1010': 65, '0010': 80, '0111': 16, '1000': 74, '0011': 60, '0110': 30, '1110': 79, '0100': 40}
The quantum computer guesses
0000
Running on ibmqx4
Request completed in 0.46m 27.86s
{'0101': 115, '1001': 72, '0000': 97, '1011': 57, '1101': 89, '1111': 74, '1100': 32, '0001': 77, '1010': 60, '0010': 70, '0111': 72, '1000': 55, '0011': 51, '0110': 41, '1110': 23, '0100': 39}
The quantum computer guesses
0101
Running on ibmqx4
Request completed in 0.46m 27.85s
{'0101': 22, '1001': 61, '0000': 106, '1011': 37, '1101': 102, '1111': 60, '1100': 125, '0001': 90, '1010': 60, '0010': 66, '0111': 18, '1000': 74, '0011': 50, '0110': 22, '1110': 80, '0100': 51}
The quantum computer guesses
1100
Running on ibmqx4
Request completed in 0.46m 27.66s
{'0101': 32, '1001': 40, '0000': 111, '1011': 38, '1101': 101, '1111': 60, '1100': 111, '0001': 70, '1010': 64, '0010': 83, '0111': 27, '1000': 90, '0011': 49, '0110': 25, '1110': 83, '0100': 40}
The quantum computer guesses
0000
Running on ibmqx4
Request completed in 0.47m 28.46s
{'0101': 31, '1001': 54, '0000': 78, '1011': 52, '1101': 25, '1111': 82, '1100': 28, '0001': 62, '1010': 80, '0010': 68, '0111': 104, '1000': 67, '0011': 60, '0110': 106, '1110': 88, '0100': 39}
The quantum computer guesses
0110
Running on ibmqx4
Request completed in 0.47m 28.17s
{'0101': 33, '1001': 64, '0000': 101, '1011': 40, '1101': 60, '1111': 55, '1100': 129, '0001': 76, '1010': 48, '0010': 62, '0111': 28, '1000': 89, '0011': 60, '0110': 37, '1110': 85, '0100': 57}
The quantum computer guesses
1100
Running on ibmqx4
Request completed in 0.46m 27.53s
{'0101': 38, '1001': 56, '0000': 104, '1011': 38, '1101': 93, '1111': 50, '1100': 118, '0001': 74, '1010': 52, '0010': 74, '0111': 25, '1000': 81, '0011': 56, '0110': 42, '1110': 77, '0100': 46}
The quantum computer guesses
1100
Running on ibmqx4
Request completed in 0.46m 27.87s
{'0101': 94, '1001': 71, '0000': 102, '1011': 40, '1101': 104, '1111': 81, '1100': 27, '0001': 91, '1010': 56, '0010': 59, '0111': 90, '1000': 82, '0011': 59, '0110': 23, '1110': 22, '0100': 23}
The quantum computer guesses
1101
Running on ibmqx4
Request completed in 0.46m 27.85s
{'0101': 25, '1001': 59, '0000': 88, '1011': 46, '1101': 28, '1111': 80, '1100': 20, '0001': 67, '1010': 86, '0010': 79, '0111': 93, '1000': 62, '0011': 46, '0110': 118, '1110': 94, '0100': 33}
The quantum computer guesses
0110
Running on ibmqx4
Request completed in 0.46m 27.65s
{'0101': 120, '1001': 67, '0000': 73, '1011': 55, '1101': 113, '1111': 75, '1100': 21, '0001': 76, '1010': 49, '0010': 72, '0111': 90, '1000': 70, '0011': 61, '0110': 30, '1110': 13, '0100': 39}
The quantum computer guesses
0101
Running on ibmqx4
Request completed in 0.46m 27.86s
{'0101': 23, '1001': 55, '0000': 126, '1011': 42, '1101': 100, '1111': 62, '1100': 146, '0001': 78, '1010': 43, '0010': 73, '0111': 21, '1000': 68, '0011': 48, '0110': 21, '1110': 85, '0100': 33}
The quantum computer guesses
1100
Running on ibmqx4
Request completed in 0.46m 27.34s
{'0101': 31, '1001': 63, '0000': 89, '1011': 50, '1101': 32, '1111': 84, '1100': 33, '0001': 57, '1010': 53, '0010': 91, '0111': 107, '1000': 52, '0011': 57, '0110': 93, '1110': 102, '0100': 30}
The quantum computer guesses
0111
Running on ibmqx4
Request completed in 0.46m 27.86s
{'0101': 20, '1001': 61, '0000': 103, '1011': 42, '1101': 87, '1111': 63, '1100': 129, '0001': 68, '1010': 49, '0010': 78, '0111': 25, '1000': 78, '0011': 81, '0110': 35, '1110': 77, '0100': 28}
The quantum computer guesses
1100
Running on ibmqx4
Request completed in 0.48m 28.66s
{'0101': 24, '1001': 51, '0000': 77, '1011': 46, '1101': 21, '1111': 88, '1100': 31, '0001': 51, '1010': 76, '0010': 80, '0111': 102, '1000': 62, '0011': 70, '0110': 122, '1110': 96, '0100': 27}
The quantum computer guesses
0110
Running on ibmqx4
Request completed in 0.46m 27.56s
{'0101': 24, '1001': 69, '0000': 82, '1011': 53, '1101': 18, '1111': 79, '1100': 25, '0001': 77, '1010': 61, '0010': 73, '0111': 71, '1000': 54, '0011': 63, '0110': 133, '1110': 99, '0100': 43}
The quantum computer guesses
0110
Running on ibmqx4
Request completed in 0.47m 28.37s
{'0101': 37, '1001': 45, '0000': 119, '1011': 30, '1101': 93, '1111': 60, '1100': 131, '0001': 77, '1010': 47, '0010': 76, '0111': 19, '1000': 78, '0011': 71, '0110': 19, '1110': 77, '0100': 45}
The quantum computer guesses
1100
Running on ibmqx4
Request completed in 0.47m 28.27s
{'0101': 27, '1001': 52, '0000': 89, '1011': 46, '1101': 16, '1111': 78, '1100': 35, '0001': 64, '1010': 67, '0010': 70, '0111': 77, '1000': 75, '0011': 66, '0110': 137, '1110': 97, '0100': 28}
The quantum computer guesses
0110
Running on ibmqx4
Request completed in 0.47m 28.25s
{'0101': 116, '1001': 61, '0000': 85, '1011': 49, '1101': 75, '1111': 73, '1100': 27, '0001': 105, '1010': 57, '0010': 63, '0111': 106, '1000': 72, '0011': 57, '0110': 31, '1110': 21, '0100': 26}
The quantum computer guesses
0101
Running on ibmqx4
Request completed in 0.48m 28.57s
{'0101': 98, '1001': 68, '0000': 92, '1011': 56, '1101': 99, '1111': 64, '1100': 32, '0001': 76, '1010': 58, '0010': 76, '0111': 86, '1000': 66, '0011': 61, '0110': 33, '1110': 24, '0100': 35}
The quantum computer guesses
1101
Running on ibmqx4
Request completed in 0.49m 29.28s
{'0101': 32, '1001': 43, '0000': 79, '1011': 50, '1101': 26, '1111': 98, '1100': 21, '0001': 59, '1010': 67, '0010': 86, '0111': 104, '1000': 69, '0011': 69, '0110': 114, '1110': 70, '0100': 37}
The quantum computer guesses
0110
Running on ibmqx4
Request completed in 0.47m 28.37s
{'0101': 30, '1001': 25, '0000': 75, '1011': 91, '1101': 31, '1111': 71, '1100': 75, '0001': 42, '1010': 50, '0010': 67, '0111': 103, '1000': 79, '0011': 92, '0110': 60, '1110': 50, '0100': 83}
The quantum computer guesses
0111
Running on ibmqx4
Request completed in 0.46m 27.33s
{'0101': 129, '1001': 67, '0000': 84, '1011': 40, '1101': 93, '1111': 72, '1100': 27, '0001': 91, '1010': 63, '0010': 59, '0111': 88, '1000': 76, '0011': 62, '0110': 22, '1110': 19, '0100': 32}
The quantum computer guesses
0101
Running on ibmqx4
Request completed in 0.48m 28.89s
{'0101': 33, '1001': 50, '0000': 106, '1011': 47, '1101': 93, '1111': 82, '1100': 119, '0001': 71, '1010': 67, '0010': 63, '0111': 23, '1000': 77, '0011': 49, '0110': 22, '1110': 80, '0100': 42}
The quantum computer guesses
1100
Running on ibmqx4
Request completed in 0.46m 27.35s
{'0101': 37, '1001': 64, '0000': 92, '1011': 40, '1101': 18, '1111': 69, '1100': 37, '0001': 65, '1010': 71, '0010': 83, '0111': 110, '1000': 55, '0011': 52, '0110': 102, '1110': 92, '0100': 37}
The quantum computer guesses
0111
Running on ibmqx4
Request completed in 0.47m 28.17s
{'0101': 43, '1001': 48, '0000': 89, '1011': 54, '1101': 20, '1111': 59, '1100': 24, '0001': 66, '1010': 67, '0010': 81, '0111': 95, '1000': 67, '0011': 64, '0110': 129, '1110': 76, '0100': 42}
The quantum computer guesses
0110
Running on ibmqx4
Request completed in 0.47m 28.27s
{'0101': 124, '1001': 88, '0000': 85, '1011': 47, '1101': 101, '1111': 87, '1100': 31, '0001': 91, '1010': 57, '0010': 58, '0111': 81, '1000': 60, '0011': 52, '0110': 15, '1110': 18, '0100': 29}
The quantum computer guesses
0101
Running on ibmqx4
Request completed in 0.47m 28.06s
{'0101': 25, '1001': 58, '0000': 80, '1011': 64, '1101': 22, '1111': 69, '1100': 32, '0001': 70, '1010': 46, '0010': 76, '0111': 91, '1000': 81, '0011': 64, '0110': 110, '1110': 91, '0100': 45}
The quantum computer guesses
0110
Running on ibmqx4
Request completed in 0.47m 27.96s
{'0101': 40, '1001': 62, '0000': 119, '1011': 33, '1101': 79, '1111': 58, '1100': 100, '0001': 63, '1010': 62, '0010': 94, '0111': 24, '1000': 82, '0011': 53, '0110': 33, '1110': 88, '0100': 34}
The quantum computer guesses
0000
Running on ibmqx4
Request completed in 0.47m 28.37s
{'0101': 29, '1001': 57, '0000': 88, '1011': 46, '1101': 20, '1111': 80, '1100': 28, '0001': 64, '1010': 64, '0010': 98, '0111': 94, '1000': 62, '0011': 56, '0110': 134, '1110': 73, '0100': 31}
The quantum computer guesses
0110
Running on ibmqx4
Request completed in 0.5m 29.91s
{'0101': 16, '1001': 49, '0000': 94, '1011': 44, '1101': 89, '1111': 56, '1100': 98, '0001': 76, '1010': 77, '0010': 82, '0111': 18, '1000': 91, '0011': 75, '0110': 17, '1110': 105, '0100': 37}
The quantum computer guesses
1110
Running on ibmqx4
Request completed in 0.47m 28.16s
{'0101': 22, '1001': 74, '0000': 115, '1011': 44, '1101': 88, '1111': 74, '1100': 100, '0001': 76, '1010': 51, '0010': 58, '0111': 23, '1000': 90, '0011': 59, '0110': 19, '1110': 92, '0100': 39}
The quantum computer guesses
0000
Running on ibmqx4
Request completed in 0.5m 29.8s
{'0101': 19, '1001': 64, '0000': 79, '1011': 55, '1101': 12, '1111': 59, '1100': 31, '0001': 85, '1010': 64, '0010': 93, '0111': 105, '1000': 77, '0011': 62, '0110': 103, '1110': 86, '0100': 30}
The quantum computer guesses
0111
Running on ibmqx4
Request completed in 0.46m 27.65s
{'0101': 27, '1001': 58, '0000': 100, '1011': 36, '1101': 25, '1111': 67, '1100': 16, '0001': 55, '1010': 64, '0010': 98, '0111': 105, '1000': 78, '0011': 35, '0110': 114, '1110': 104, '0100': 42}
The quantum computer guesses
0110
Running on ibmqx4
Request completed in 0.45m 27.14s
{'0101': 30, '1001': 54, '0000': 81, '1011': 55, '1101': 16, '1111': 87, '1100': 20, '0001': 66, '1010': 56, '0010': 85, '0111': 111, '1000': 62, '0011': 65, '0110': 122, '1110': 86, '0100': 28}
The quantum computer guesses
0110
Running on ibmqx4
Request completed in 0.77m 46.49s
{'0101': 32, '1001': 55, '0000': 112, '1011': 42, '1101': 98, '1111': 76, '1100': 131, '0001': 59, '1010': 57, '0010': 67, '0111': 22, '1000': 71, '0011': 45, '0110': 23, '1110': 92, '0100': 42}
The quantum computer guesses
1100
Running on ibmqx4
Request completed in 0.47m 28.16s
{'0101': 31, '1001': 65, '0000': 127, '1011': 38, '1101': 82, '1111': 48, '1100': 97, '0001': 80, '1010': 62, '0010': 62, '0111': 27, '1000': 102, '0011': 44, '0110': 27, '1110': 91, '0100': 41}
The quantum computer guesses
0000
Running on ibmqx4
Request completed in 0.48m 28.57s
{'0101': 25, '1001': 69, '0000': 104, '1011': 50, '1101': 104, '1111': 69, '1100': 111, '0001': 65, '1010': 59, '0010': 78, '0111': 17, '1000': 87, '0011': 43, '0110': 25, '1110': 81, '0100': 37}
The quantum computer guesses
1100
Running on ibmqx4
Request completed in 0.45m 27.24s
{'0101': 28, '1001': 62, '0000': 78, '1011': 54, '1101': 100, '1111': 77, '1100': 117, '0001': 75, '1010': 53, '0010': 76, '0111': 18, '1000': 68, '0011': 47, '0110': 24, '1110': 94, '0100': 53}
The quantum computer guesses
1100
Running on ibmqx4
Request completed in 0.46m 27.45s
{'0101': 138, '1001': 72, '0000': 63, '1011': 51, '1101': 117, '1111': 69, '1100': 29, '0001': 76, '1010': 52, '0010': 60, '0111': 81, '1000': 82, '0011': 58, '0110': 23, '1110': 20, '0100': 33}
The quantum computer guesses
0101
Running on ibmqx4
Request completed in 0.47m 28.17s
{'0101': 29, '1001': 44, '0000': 96, '1011': 45, '1101': 25, '1111': 70, '1100': 30, '0001': 58, '1010': 72, '0010': 99, '0111': 93, '1000': 81, '0011': 66, '0110': 102, '1110': 76, '0100': 38}
The quantum computer guesses
0110
Running on ibmqx4
Request completed in 0.46m 27.75s
{'0101': 20, '1001': 55, '0000': 109, '1011': 49, '1101': 82, '1111': 63, '1100': 99, '0001': 83, '1010': 59, '0010': 74, '0111': 24, '1000': 102, '0011': 66, '0110': 23, '1110': 75, '0100': 41}
The quantum computer guesses
0000
Running on ibmqx4
Request completed in 0.46m 27.56s
{'0101': 28, '1001': 50, '0000': 93, '1011': 51, '1101': 98, '1111': 80, '1100': 103, '0001': 46, '1010': 77, '0010': 81, '0111': 22, '1000': 94, '0011': 54, '0110': 27, '1110': 86, '0100': 34}
The quantum computer guesses
1100
Running on ibmqx4
Request completed in 0.46m 27.44s
{'0101': 125, '1001': 62, '0000': 76, '1011': 47, '1101': 106, '1111': 77, '1100': 30, '0001': 75, '1010': 43, '0010': 65, '0111': 88, '1000': 92, '0011': 55, '0110': 27, '1110': 20, '0100': 36}
The quantum computer guesses
0101
Running on ibmqx4
Request completed in 0.46m 27.55s
{'0101': 116, '1001': 63, '0000': 74, '1011': 56, '1101': 107, '1111': 68, '1100': 28, '0001': 83, '1010': 52, '0010': 67, '0111': 103, '1000': 86, '0011': 47, '0110': 32, '1110': 18, '0100': 24}
The quantum computer guesses
0101
Running on ibmqx4
Request completed in 1.4m 23.88s
{'0101': 39, '1001': 60, '0000': 112, '1011': 37, '1101': 101, '1111': 75, '1100': 117, '0001': 69, '1010': 53, '0010': 92, '0111': 18, '1000': 75, '0011': 45, '0110': 17, '1110': 88, '0100': 26}
The quantum computer guesses
1100
Running on ibmqx4
Request completed in 9.14m 8.36s
{'0101': 24, '1001': 59, '0000': 85, '1011': 56, '1101': 16, '1111': 71, '1100': 35, '0001': 67, '1010': 68, '0010': 68, '0111': 103, '1000': 66, '0011': 53, '0110': 113, '1110': 104, '0100': 36}
The quantum computer guesses
0110
Running on ibmqx4
Request completed in 54.59m 35.18s
{'0101': 123, '1001': 72, '0000': 109, '1011': 58, '1101': 86, '1111': 64, '1100': 32, '0001': 93, '1010': 47, '0010': 72, '0111': 62, '1000': 55, '0011': 77, '0110': 23, '1110': 17, '0100': 34}
The quantum computer guesses
0101
Running on ibmqx4
Request completed in 9.95m 57.21s
{'0101': 116, '1001': 67, '0000': 70, '1011': 48, '1101': 110, '1111': 84, '1100': 36, '0001': 76, '1010': 61, '0010': 55, '0111': 105, '1000': 71, '0011': 57, '0110': 20, '1110': 17, '0100': 31}
The quantum computer guesses
0101
Running on ibmqx4
Request completed in 9.68m 40.73s
{'0101': 21, '1001': 70, '0000': 119, '1011': 53, '1101': 92, '1111': 58, '1100': 102, '0001': 83, '1010': 57, '0010': 77, '0111': 8, '1000': 77, '0011': 61, '0110': 19, '1110': 85, '0100': 42}
The quantum computer guesses
0000